TimeQuest Timing Analyzer report for somador4
Thu Oct 13 17:43:52 2022
Quartus II 32-bit Version 13.0.1 Build 232 06/12/2013 Service Pack 1 SJ Web Edition


---------------------
; Table of Contents ;
---------------------
  1. Legal Notice
  2. TimeQuest Timing Analyzer Summary
  3. Parallel Compilation
  4. Clocks
  5. Slow Model Fmax Summary
  6. Slow Model Setup Summary
  7. Slow Model Hold Summary
  8. Slow Model Recovery Summary
  9. Slow Model Removal Summary
 10. Slow Model Minimum Pulse Width Summary
 11. Propagation Delay
 12. Minimum Propagation Delay
 13. Fast Model Setup Summary
 14. Fast Model Hold Summary
 15. Fast Model Recovery Summary
 16. Fast Model Removal Summary
 17. Fast Model Minimum Pulse Width Summary
 18. Propagation Delay
 19. Minimum Propagation Delay
 20. Multicorner Timing Analysis Summary
 21. Progagation Delay
 22. Minimum Progagation Delay
 23. Clock Transfers
 24. Report TCCS
 25. Report RSKM
 26. Unconstrained Paths
 27. TimeQuest Timing Analyzer Messages



----------------
; Legal Notice ;
----------------
Copyright (C) 1991-2013 Altera Corporation
Your use of Altera Corporation's design tools, logic functions 
and other software and tools, and its AMPP partner logic 
functions, and any output files from any of the foregoing 
(including device programming or simulation files), and any 
associated documentation or information are expressly subject 
to the terms and conditions of the Altera Program License 
Subscription Agreement, Altera MegaCore Function License 
Agreement, or other applicable license agreement, including, 
without limitation, that your use is for the sole purpose of 
programming logic devices manufactured by Altera and sold by 
Altera or its authorized distributors.  Please refer to the 
applicable agreement for further details.



+----------------------------------------------------------------------------------------+
; TimeQuest Timing Analyzer Summary                                                      ;
+--------------------+-------------------------------------------------------------------+
; Quartus II Version ; Version 13.0.1 Build 232 06/12/2013 Service Pack 1 SJ Web Edition ;
; Revision Name      ; somador4                                                          ;
; Device Family      ; Cyclone II                                                        ;
; Device Name        ; EP2C35F672C6                                                      ;
; Timing Models      ; Final                                                             ;
; Delay Model        ; Combined                                                          ;
; Rise/Fall Delays   ; Unavailable                                                       ;
+--------------------+-------------------------------------------------------------------+


Parallel compilation was disabled, but you have multiple processors available. Enable parallel compilation to reduce compilation time.
+-------------------------------------+
; Parallel Compilation                ;
+----------------------------+--------+
; Processors                 ; Number ;
+----------------------------+--------+
; Number detected on machine ; 8      ;
; Maximum allowed            ; 1      ;
+----------------------------+--------+


----------
; Clocks ;
----------
No clocks to report.


---------------------------
; Slow Model Fmax Summary ;
---------------------------
No paths to report.


----------------------------
; Slow Model Setup Summary ;
----------------------------
No paths to report.


---------------------------
; Slow Model Hold Summary ;
---------------------------
No paths to report.


-------------------------------
; Slow Model Recovery Summary ;
-------------------------------
No paths to report.


------------------------------
; Slow Model Removal Summary ;
------------------------------
No paths to report.


------------------------------------------
; Slow Model Minimum Pulse Width Summary ;
------------------------------------------
No paths to report.


+--------------------------------------------------------------+
; Propagation Delay                                            ;
+------------+-------------+--------+--------+--------+--------+
; Input Port ; Output Port ; RR     ; RF     ; FR     ; FF     ;
+------------+-------------+--------+--------+--------+--------+
; A[0]       ; HEX0[0]     ; 18.244 ; 18.244 ; 18.244 ; 18.244 ;
; A[0]       ; HEX0[1]     ; 17.546 ; 17.546 ; 17.546 ; 17.546 ;
; A[0]       ; HEX0[2]     ; 18.168 ; 18.168 ; 18.168 ; 18.168 ;
; A[0]       ; HEX0[3]     ; 17.925 ; 17.925 ; 17.925 ; 17.925 ;
; A[0]       ; HEX0[4]     ; 17.897 ; 17.897 ; 17.897 ; 17.897 ;
; A[0]       ; HEX0[5]     ; 17.626 ; 17.626 ; 17.626 ; 17.626 ;
; A[0]       ; HEX0[6]     ; 17.917 ; 17.917 ; 17.917 ; 17.917 ;
; A[0]       ; HEX1[0]     ; 18.935 ; 18.778 ; 18.778 ; 18.935 ;
; A[0]       ; HEX1[2]     ; 19.145 ; 19.302 ; 19.302 ; 19.145 ;
; A[0]       ; HEX1[3]     ; 18.488 ; 18.331 ; 18.331 ; 18.488 ;
; A[0]       ; HEX1[4]     ; 18.700 ; 18.543 ; 18.543 ; 18.700 ;
; A[0]       ; HEX1[5]     ; 18.922 ; 18.765 ; 18.765 ; 18.922 ;
; A[0]       ; HEX1[6]     ; 15.960 ; 16.124 ; 16.124 ; 15.960 ;
; A[0]       ; S[0]        ; 11.004 ; 11.004 ; 11.004 ; 11.004 ;
; A[0]       ; S[1]        ; 11.924 ; 11.924 ; 11.924 ; 11.924 ;
; A[0]       ; S[2]        ; 11.912 ; 11.912 ; 11.912 ; 11.912 ;
; A[0]       ; S[3]        ; 12.603 ; 12.603 ; 12.603 ; 12.603 ;
; A[0]       ; S[4]        ; 13.240 ;        ;        ; 13.240 ;
; A[1]       ; HEX0[0]     ; 17.115 ; 17.115 ; 17.115 ; 17.115 ;
; A[1]       ; HEX0[1]     ; 16.417 ; 16.417 ; 16.417 ; 16.417 ;
; A[1]       ; HEX0[2]     ; 17.039 ; 17.039 ; 17.039 ; 17.039 ;
; A[1]       ; HEX0[3]     ; 16.796 ; 16.796 ; 16.796 ; 16.796 ;
; A[1]       ; HEX0[4]     ; 16.768 ; 16.768 ; 16.768 ; 16.768 ;
; A[1]       ; HEX0[5]     ; 16.497 ; 16.497 ; 16.497 ; 16.497 ;
; A[1]       ; HEX0[6]     ; 16.788 ; 16.788 ; 16.788 ; 16.788 ;
; A[1]       ; HEX1[0]     ; 17.806 ; 17.649 ; 17.649 ; 17.806 ;
; A[1]       ; HEX1[2]     ; 18.016 ; 18.173 ; 18.173 ; 18.016 ;
; A[1]       ; HEX1[3]     ; 17.359 ; 17.202 ; 17.202 ; 17.359 ;
; A[1]       ; HEX1[4]     ; 17.571 ; 17.414 ; 17.414 ; 17.571 ;
; A[1]       ; HEX1[5]     ; 17.793 ; 17.636 ; 17.636 ; 17.793 ;
; A[1]       ; HEX1[6]     ; 14.831 ; 14.995 ; 14.995 ; 14.831 ;
; A[1]       ; S[1]        ; 10.787 ; 10.787 ; 10.787 ; 10.787 ;
; A[1]       ; S[2]        ; 10.772 ; 10.772 ; 10.772 ; 10.772 ;
; A[1]       ; S[3]        ; 11.474 ; 11.474 ; 11.474 ; 11.474 ;
; A[1]       ; S[4]        ; 12.111 ;        ;        ; 12.111 ;
; A[2]       ; HEX0[0]     ; 17.254 ; 17.254 ; 17.254 ; 17.254 ;
; A[2]       ; HEX0[1]     ; 16.556 ; 16.556 ; 16.556 ; 16.556 ;
; A[2]       ; HEX0[2]     ; 17.178 ; 17.178 ; 17.178 ; 17.178 ;
; A[2]       ; HEX0[3]     ; 16.935 ; 16.935 ; 16.935 ; 16.935 ;
; A[2]       ; HEX0[4]     ; 16.907 ; 16.907 ; 16.907 ; 16.907 ;
; A[2]       ; HEX0[5]     ; 16.636 ; 16.636 ; 16.636 ; 16.636 ;
; A[2]       ; HEX0[6]     ; 16.927 ; 16.927 ; 16.927 ; 16.927 ;
; A[2]       ; HEX1[0]     ; 17.567 ; 17.567 ; 17.567 ; 17.567 ;
; A[2]       ; HEX1[2]     ; 17.934 ; 17.934 ; 17.934 ; 17.934 ;
; A[2]       ; HEX1[3]     ; 17.120 ; 17.120 ; 17.120 ; 17.120 ;
; A[2]       ; HEX1[4]     ; 17.332 ; 17.332 ; 17.332 ; 17.332 ;
; A[2]       ; HEX1[5]     ; 17.554 ; 17.554 ; 17.554 ; 17.554 ;
; A[2]       ; HEX1[6]     ; 14.756 ; 14.756 ; 14.756 ; 14.756 ;
; A[2]       ; S[2]        ; 11.295 ; 11.295 ; 11.295 ; 11.295 ;
; A[2]       ; S[3]        ; 10.810 ; 10.810 ; 10.810 ; 10.810 ;
; A[2]       ; S[4]        ; 11.281 ;        ;        ; 11.281 ;
; A[3]       ; HEX0[0]     ; 16.975 ; 16.975 ; 16.975 ; 16.975 ;
; A[3]       ; HEX0[1]     ; 16.277 ; 16.277 ; 16.277 ; 16.277 ;
; A[3]       ; HEX0[2]     ; 16.899 ; 16.899 ; 16.899 ; 16.899 ;
; A[3]       ; HEX0[3]     ; 16.656 ; 16.656 ; 16.656 ; 16.656 ;
; A[3]       ; HEX0[4]     ; 16.628 ; 16.628 ; 16.628 ; 16.628 ;
; A[3]       ; HEX0[5]     ; 16.357 ; 16.357 ; 16.357 ; 16.357 ;
; A[3]       ; HEX0[6]     ; 16.648 ; 16.648 ; 16.648 ; 16.648 ;
; A[3]       ; HEX1[0]     ; 17.750 ; 17.593 ; 17.593 ; 17.750 ;
; A[3]       ; HEX1[2]     ; 17.960 ; 18.117 ; 18.117 ; 17.960 ;
; A[3]       ; HEX1[3]     ; 17.303 ; 17.146 ; 17.146 ; 17.303 ;
; A[3]       ; HEX1[4]     ; 17.515 ; 17.358 ; 17.358 ; 17.515 ;
; A[3]       ; HEX1[5]     ; 17.737 ; 17.580 ; 17.580 ; 17.737 ;
; A[3]       ; HEX1[6]     ; 14.487 ; 14.939 ; 14.939 ; 14.487 ;
; A[3]       ; S[3]        ; 11.130 ; 11.130 ; 11.130 ; 11.130 ;
; A[3]       ; S[4]        ; 12.055 ;        ;        ; 12.055 ;
; B[0]       ; HEX0[0]     ; 14.099 ; 14.099 ; 14.099 ; 14.099 ;
; B[0]       ; HEX0[1]     ; 13.401 ; 13.401 ; 13.401 ; 13.401 ;
; B[0]       ; HEX0[2]     ; 14.023 ; 14.023 ; 14.023 ; 14.023 ;
; B[0]       ; HEX0[3]     ; 13.780 ; 13.780 ; 13.780 ; 13.780 ;
; B[0]       ; HEX0[4]     ; 13.752 ; 13.752 ; 13.752 ; 13.752 ;
; B[0]       ; HEX0[5]     ; 13.481 ; 13.481 ; 13.481 ; 13.481 ;
; B[0]       ; HEX0[6]     ; 13.772 ; 13.772 ; 13.772 ; 13.772 ;
; B[0]       ; HEX1[0]     ; 14.790 ; 14.633 ; 14.633 ; 14.790 ;
; B[0]       ; HEX1[2]     ; 15.000 ; 15.157 ; 15.157 ; 15.000 ;
; B[0]       ; HEX1[3]     ; 14.343 ; 14.186 ; 14.186 ; 14.343 ;
; B[0]       ; HEX1[4]     ; 14.555 ; 14.398 ; 14.398 ; 14.555 ;
; B[0]       ; HEX1[5]     ; 14.777 ; 14.620 ; 14.620 ; 14.777 ;
; B[0]       ; HEX1[6]     ; 11.815 ; 11.979 ; 11.979 ; 11.815 ;
; B[0]       ; S[0]        ; 6.858  ; 6.858  ; 6.858  ; 6.858  ;
; B[0]       ; S[1]        ; 7.779  ; 7.779  ; 7.779  ; 7.779  ;
; B[0]       ; S[2]        ; 7.767  ; 7.767  ; 7.767  ; 7.767  ;
; B[0]       ; S[3]        ; 8.458  ; 8.458  ; 8.458  ; 8.458  ;
; B[0]       ; S[4]        ; 9.095  ;        ;        ; 9.095  ;
; B[1]       ; HEX0[0]     ; 13.093 ; 13.093 ; 13.093 ; 13.093 ;
; B[1]       ; HEX0[1]     ; 12.395 ; 12.395 ; 12.395 ; 12.395 ;
; B[1]       ; HEX0[2]     ; 13.017 ; 13.017 ; 13.017 ; 13.017 ;
; B[1]       ; HEX0[3]     ; 12.774 ; 12.774 ; 12.774 ; 12.774 ;
; B[1]       ; HEX0[4]     ; 12.746 ; 12.746 ; 12.746 ; 12.746 ;
; B[1]       ; HEX0[5]     ; 12.475 ; 12.475 ; 12.475 ; 12.475 ;
; B[1]       ; HEX0[6]     ; 12.766 ; 12.766 ; 12.766 ; 12.766 ;
; B[1]       ; HEX1[0]     ; 13.784 ; 13.627 ; 13.627 ; 13.784 ;
; B[1]       ; HEX1[2]     ; 13.994 ; 14.151 ; 14.151 ; 13.994 ;
; B[1]       ; HEX1[3]     ; 13.337 ; 13.180 ; 13.180 ; 13.337 ;
; B[1]       ; HEX1[4]     ; 13.549 ; 13.392 ; 13.392 ; 13.549 ;
; B[1]       ; HEX1[5]     ; 13.771 ; 13.614 ; 13.614 ; 13.771 ;
; B[1]       ; HEX1[6]     ; 10.809 ; 10.973 ; 10.973 ; 10.809 ;
; B[1]       ; S[1]        ; 6.766  ; 6.766  ; 6.766  ; 6.766  ;
; B[1]       ; S[2]        ; 6.752  ; 6.752  ; 6.752  ; 6.752  ;
; B[1]       ; S[3]        ; 7.452  ; 7.452  ; 7.452  ; 7.452  ;
; B[1]       ; S[4]        ; 8.089  ;        ;        ; 8.089  ;
; B[2]       ; HEX0[0]     ; 13.216 ; 13.216 ; 13.216 ; 13.216 ;
; B[2]       ; HEX0[1]     ; 12.518 ; 12.518 ; 12.518 ; 12.518 ;
; B[2]       ; HEX0[2]     ; 13.140 ; 13.140 ; 13.140 ; 13.140 ;
; B[2]       ; HEX0[3]     ; 12.897 ; 12.897 ; 12.897 ; 12.897 ;
; B[2]       ; HEX0[4]     ; 12.869 ; 12.869 ; 12.869 ; 12.869 ;
; B[2]       ; HEX0[5]     ; 12.598 ; 12.598 ; 12.598 ; 12.598 ;
; B[2]       ; HEX0[6]     ; 12.889 ; 12.889 ; 12.889 ; 12.889 ;
; B[2]       ; HEX1[0]     ; 13.529 ; 13.529 ; 13.529 ; 13.529 ;
; B[2]       ; HEX1[2]     ; 13.896 ; 13.896 ; 13.896 ; 13.896 ;
; B[2]       ; HEX1[3]     ; 13.082 ; 13.082 ; 13.082 ; 13.082 ;
; B[2]       ; HEX1[4]     ; 13.294 ; 13.294 ; 13.294 ; 13.294 ;
; B[2]       ; HEX1[5]     ; 13.516 ; 13.516 ; 13.516 ; 13.516 ;
; B[2]       ; HEX1[6]     ; 10.718 ; 10.718 ; 10.718 ; 10.718 ;
; B[2]       ; S[2]        ; 7.257  ; 7.257  ; 7.257  ; 7.257  ;
; B[2]       ; S[3]        ; 6.608  ; 6.608  ; 6.608  ; 6.608  ;
; B[2]       ; S[4]        ; 7.243  ;        ;        ; 7.243  ;
; B[3]       ; HEX0[0]     ; 11.920 ; 11.920 ; 11.920 ; 11.920 ;
; B[3]       ; HEX0[1]     ; 11.222 ; 11.222 ; 11.222 ; 11.222 ;
; B[3]       ; HEX0[2]     ; 11.844 ; 11.844 ; 11.844 ; 11.844 ;
; B[3]       ; HEX0[3]     ; 11.601 ; 11.601 ; 11.601 ; 11.601 ;
; B[3]       ; HEX0[4]     ; 11.573 ; 11.573 ; 11.573 ; 11.573 ;
; B[3]       ; HEX0[5]     ; 11.302 ; 11.302 ; 11.302 ; 11.302 ;
; B[3]       ; HEX0[6]     ; 11.593 ; 11.593 ; 11.593 ; 11.593 ;
; B[3]       ; HEX1[0]     ; 12.695 ; 12.538 ; 12.538 ; 12.695 ;
; B[3]       ; HEX1[2]     ; 12.905 ; 13.062 ; 13.062 ; 12.905 ;
; B[3]       ; HEX1[3]     ; 12.248 ; 12.091 ; 12.091 ; 12.248 ;
; B[3]       ; HEX1[4]     ; 12.460 ; 12.303 ; 12.303 ; 12.460 ;
; B[3]       ; HEX1[5]     ; 12.682 ; 12.525 ; 12.525 ; 12.682 ;
; B[3]       ; HEX1[6]     ; 9.400  ; 9.884  ; 9.884  ; 9.400  ;
; B[3]       ; S[3]        ; 6.043  ; 6.043  ; 6.043  ; 6.043  ;
; B[3]       ; S[4]        ; 7.000  ;        ;        ; 7.000  ;
; TE0        ; HEX0[0]     ; 14.158 ; 14.158 ; 14.158 ; 14.158 ;
; TE0        ; HEX0[1]     ; 13.460 ; 13.460 ; 13.460 ; 13.460 ;
; TE0        ; HEX0[2]     ; 14.082 ; 14.082 ; 14.082 ; 14.082 ;
; TE0        ; HEX0[3]     ; 13.839 ; 13.839 ; 13.839 ; 13.839 ;
; TE0        ; HEX0[4]     ; 13.811 ; 13.811 ; 13.811 ; 13.811 ;
; TE0        ; HEX0[5]     ; 13.540 ; 13.540 ; 13.540 ; 13.540 ;
; TE0        ; HEX0[6]     ; 13.831 ; 13.831 ; 13.831 ; 13.831 ;
; TE0        ; HEX1[0]     ; 14.849 ; 14.692 ; 14.692 ; 14.849 ;
; TE0        ; HEX1[2]     ; 15.059 ; 15.216 ; 15.216 ; 15.059 ;
; TE0        ; HEX1[3]     ; 14.402 ; 14.245 ; 14.245 ; 14.402 ;
; TE0        ; HEX1[4]     ; 14.614 ; 14.457 ; 14.457 ; 14.614 ;
; TE0        ; HEX1[5]     ; 14.836 ; 14.679 ; 14.679 ; 14.836 ;
; TE0        ; HEX1[6]     ; 11.874 ; 12.038 ; 12.038 ; 11.874 ;
; TE0        ; S[0]        ; 6.922  ; 6.922  ; 6.922  ; 6.922  ;
; TE0        ; S[1]        ; 7.838  ; 7.838  ; 7.838  ; 7.838  ;
; TE0        ; S[2]        ; 7.826  ; 7.826  ; 7.826  ; 7.826  ;
; TE0        ; S[3]        ; 8.517  ; 8.517  ; 8.517  ; 8.517  ;
; TE0        ; S[4]        ; 9.154  ;        ;        ; 9.154  ;
+------------+-------------+--------+--------+--------+--------+


+--------------------------------------------------------------+
; Minimum Propagation Delay                                    ;
+------------+-------------+--------+--------+--------+--------+
; Input Port ; Output Port ; RR     ; RF     ; FR     ; FF     ;
+------------+-------------+--------+--------+--------+--------+
; A[0]       ; HEX0[0]     ; 12.001 ; 12.001 ; 12.001 ; 12.001 ;
; A[0]       ; HEX0[1]     ; 11.340 ; 11.340 ; 11.340 ; 11.340 ;
; A[0]       ; HEX0[2]     ; 11.919 ; 11.919 ; 11.919 ; 11.919 ;
; A[0]       ; HEX0[3]     ; 12.120 ; 12.120 ; 12.120 ; 12.120 ;
; A[0]       ; HEX0[4]     ; 11.245 ; 11.245 ; 11.245 ; 11.245 ;
; A[0]       ; HEX0[5]     ; 12.115 ; 12.115 ; 12.115 ; 12.115 ;
; A[0]       ; HEX0[6]     ; 12.381 ; 12.381 ; 12.381 ; 12.381 ;
; A[0]       ; HEX1[0]     ; 15.317 ; 15.317 ; 15.317 ; 15.317 ;
; A[0]       ; HEX1[2]     ; 16.079 ; 16.079 ; 16.079 ; 16.079 ;
; A[0]       ; HEX1[3]     ; 14.870 ; 14.870 ; 14.870 ; 14.870 ;
; A[0]       ; HEX1[4]     ; 15.477 ; 15.477 ; 15.477 ; 15.477 ;
; A[0]       ; HEX1[5]     ; 15.304 ; 15.304 ; 15.304 ; 15.304 ;
; A[0]       ; HEX1[6]     ; 15.373 ; 15.373 ; 15.373 ; 15.373 ;
; A[0]       ; S[0]        ; 11.004 ; 11.004 ; 11.004 ; 11.004 ;
; A[0]       ; S[1]        ; 11.924 ; 11.924 ; 11.924 ; 11.924 ;
; A[0]       ; S[2]        ; 11.912 ; 11.912 ; 11.912 ; 11.912 ;
; A[0]       ; S[3]        ; 12.603 ; 12.603 ; 12.603 ; 12.603 ;
; A[0]       ; S[4]        ; 13.240 ;        ;        ; 13.240 ;
; A[1]       ; HEX0[0]     ; 12.466 ; 12.466 ; 12.466 ; 12.466 ;
; A[1]       ; HEX0[1]     ; 13.091 ; 13.091 ; 13.091 ; 13.091 ;
; A[1]       ; HEX0[2]     ; 12.459 ; 12.459 ; 12.459 ; 12.459 ;
; A[1]       ; HEX0[3]     ; 12.380 ; 12.380 ; 12.380 ; 12.380 ;
; A[1]       ; HEX0[4]     ; 12.458 ; 12.458 ; 12.458 ; 12.458 ;
; A[1]       ; HEX0[5]     ; 12.650 ; 12.650 ; 12.650 ; 12.650 ;
; A[1]       ; HEX0[6]     ; 12.685 ; 12.685 ; 12.685 ; 12.685 ;
; A[1]       ; HEX1[0]     ; 14.177 ; 14.177 ; 14.177 ; 14.177 ;
; A[1]       ; HEX1[2]     ; 14.958 ; 14.958 ; 14.958 ; 14.958 ;
; A[1]       ; HEX1[3]     ; 13.730 ; 13.730 ; 13.730 ; 13.730 ;
; A[1]       ; HEX1[4]     ; 14.356 ; 14.356 ; 14.356 ; 14.356 ;
; A[1]       ; HEX1[5]     ; 14.164 ; 14.164 ; 14.164 ; 14.164 ;
; A[1]       ; HEX1[6]     ; 14.233 ; 14.233 ; 14.233 ; 14.233 ;
; A[1]       ; S[1]        ; 10.787 ; 10.787 ; 10.787 ; 10.787 ;
; A[1]       ; S[2]        ; 10.772 ; 10.772 ; 10.772 ; 10.772 ;
; A[1]       ; S[3]        ; 11.474 ; 11.474 ; 11.474 ; 11.474 ;
; A[1]       ; S[4]        ; 12.111 ;        ;        ; 12.111 ;
; A[2]       ; HEX0[0]     ; 13.033 ; 13.033 ; 13.033 ; 13.033 ;
; A[2]       ; HEX0[1]     ; 13.355 ; 13.355 ; 13.355 ; 13.355 ;
; A[2]       ; HEX0[2]     ; 12.995 ; 12.995 ; 12.995 ; 12.995 ;
; A[2]       ; HEX0[3]     ; 12.990 ; 12.990 ; 12.990 ; 12.990 ;
; A[2]       ; HEX0[4]     ; 13.132 ; 13.132 ; 13.132 ; 13.132 ;
; A[2]       ; HEX0[5]     ; 12.951 ; 12.951 ; 12.951 ; 12.951 ;
; A[2]       ; HEX0[6]     ; 12.772 ; 12.772 ; 12.772 ; 12.772 ;
; A[2]       ; HEX1[0]     ; 14.111 ; 14.109 ; 14.109 ; 14.111 ;
; A[2]       ; HEX1[2]     ; 15.222 ; 15.224 ; 15.224 ; 15.222 ;
; A[2]       ; HEX1[3]     ; 13.664 ; 13.662 ; 13.662 ; 13.664 ;
; A[2]       ; HEX1[4]     ; 14.783 ; 14.855 ; 14.855 ; 14.783 ;
; A[2]       ; HEX1[5]     ; 14.096 ; 14.098 ; 14.098 ; 14.096 ;
; A[2]       ; HEX1[6]     ; 14.167 ; 14.165 ; 14.165 ; 14.167 ;
; A[2]       ; S[2]        ; 11.295 ; 11.295 ; 11.295 ; 11.295 ;
; A[2]       ; S[3]        ; 10.810 ; 10.810 ; 10.810 ; 10.810 ;
; A[2]       ; S[4]        ; 11.281 ;        ;        ; 11.281 ;
; A[3]       ; HEX0[0]     ; 13.353 ; 13.353 ; 13.353 ; 13.353 ;
; A[3]       ; HEX0[1]     ; 12.900 ; 12.900 ; 12.900 ; 12.900 ;
; A[3]       ; HEX0[2]     ; 13.315 ; 13.315 ; 13.315 ; 13.315 ;
; A[3]       ; HEX0[3]     ; 12.624 ; 12.624 ; 12.624 ; 12.624 ;
; A[3]       ; HEX0[4]     ; 12.691 ; 12.691 ; 12.691 ; 12.691 ;
; A[3]       ; HEX0[5]     ; 12.605 ; 12.605 ; 12.605 ; 12.605 ;
; A[3]       ; HEX0[6]     ; 12.615 ; 12.615 ; 12.615 ; 12.615 ;
; A[3]       ; HEX1[0]     ; 14.315 ; 13.853 ; 13.853 ; 14.315 ;
; A[3]       ; HEX1[2]     ; 14.966 ; 14.682 ; 14.682 ; 14.966 ;
; A[3]       ; HEX1[3]     ; 13.868 ; 13.406 ; 13.406 ; 13.868 ;
; A[3]       ; HEX1[4]     ; 14.080 ; 15.175 ; 15.175 ; 14.080 ;
; A[3]       ; HEX1[5]     ; 13.840 ; 14.418 ; 14.418 ; 13.840 ;
; A[3]       ; HEX1[6]     ; 14.487 ; 13.909 ; 13.909 ; 14.487 ;
; A[3]       ; S[3]        ; 11.130 ; 11.130 ; 11.130 ; 11.130 ;
; A[3]       ; S[4]        ; 10.545 ;        ;        ; 10.545 ;
; B[0]       ; HEX0[0]     ; 7.855  ; 7.855  ; 7.855  ; 7.855  ;
; B[0]       ; HEX0[1]     ; 7.765  ; 7.765  ; 7.765  ; 7.765  ;
; B[0]       ; HEX0[2]     ; 7.773  ; 7.773  ; 7.773  ; 7.773  ;
; B[0]       ; HEX0[3]     ; 7.974  ; 7.974  ; 7.974  ; 7.974  ;
; B[0]       ; HEX0[4]     ; 7.099  ; 7.099  ; 7.099  ; 7.099  ;
; B[0]       ; HEX0[5]     ; 7.969  ; 7.969  ; 7.969  ; 7.969  ;
; B[0]       ; HEX0[6]     ; 8.235  ; 8.235  ; 8.235  ; 8.235  ;
; B[0]       ; HEX1[0]     ; 11.172 ; 11.172 ; 11.172 ; 11.172 ;
; B[0]       ; HEX1[2]     ; 11.934 ; 11.934 ; 11.934 ; 11.934 ;
; B[0]       ; HEX1[3]     ; 10.725 ; 10.725 ; 10.725 ; 10.725 ;
; B[0]       ; HEX1[4]     ; 11.332 ; 11.332 ; 11.332 ; 11.332 ;
; B[0]       ; HEX1[5]     ; 11.159 ; 11.159 ; 11.159 ; 11.159 ;
; B[0]       ; HEX1[6]     ; 11.228 ; 11.228 ; 11.228 ; 11.228 ;
; B[0]       ; S[0]        ; 6.858  ; 6.858  ; 6.858  ; 6.858  ;
; B[0]       ; S[1]        ; 7.779  ; 7.779  ; 7.779  ; 7.779  ;
; B[0]       ; S[2]        ; 7.767  ; 7.767  ; 7.767  ; 7.767  ;
; B[0]       ; S[3]        ; 8.458  ; 8.458  ; 8.458  ; 8.458  ;
; B[0]       ; S[4]        ; 9.095  ;        ;        ; 9.095  ;
; B[1]       ; HEX0[0]     ; 8.445  ; 8.445  ; 8.445  ; 8.445  ;
; B[1]       ; HEX0[1]     ; 9.070  ; 9.070  ; 9.070  ; 9.070  ;
; B[1]       ; HEX0[2]     ; 8.438  ; 8.438  ; 8.438  ; 8.438  ;
; B[1]       ; HEX0[3]     ; 8.359  ; 8.359  ; 8.359  ; 8.359  ;
; B[1]       ; HEX0[4]     ; 8.437  ; 8.437  ; 8.437  ; 8.437  ;
; B[1]       ; HEX0[5]     ; 8.629  ; 8.629  ; 8.629  ; 8.629  ;
; B[1]       ; HEX0[6]     ; 8.664  ; 8.664  ; 8.664  ; 8.664  ;
; B[1]       ; HEX1[0]     ; 10.157 ; 10.157 ; 10.157 ; 10.157 ;
; B[1]       ; HEX1[2]     ; 10.935 ; 10.935 ; 10.935 ; 10.935 ;
; B[1]       ; HEX1[3]     ; 9.710  ; 9.710  ; 9.710  ; 9.710  ;
; B[1]       ; HEX1[4]     ; 10.333 ; 10.333 ; 10.333 ; 10.333 ;
; B[1]       ; HEX1[5]     ; 10.144 ; 10.144 ; 10.144 ; 10.144 ;
; B[1]       ; HEX1[6]     ; 10.213 ; 10.213 ; 10.213 ; 10.213 ;
; B[1]       ; S[1]        ; 6.766  ; 6.766  ; 6.766  ; 6.766  ;
; B[1]       ; S[2]        ; 6.752  ; 6.752  ; 6.752  ; 6.752  ;
; B[1]       ; S[3]        ; 7.452  ; 7.452  ; 7.452  ; 7.452  ;
; B[1]       ; S[4]        ; 8.089  ;        ;        ; 8.089  ;
; B[2]       ; HEX0[0]     ; 8.831  ; 8.831  ; 8.831  ; 8.831  ;
; B[2]       ; HEX0[1]     ; 9.317  ; 9.317  ; 9.317  ; 9.317  ;
; B[2]       ; HEX0[2]     ; 8.793  ; 8.793  ; 8.793  ; 8.793  ;
; B[2]       ; HEX0[3]     ; 8.788  ; 8.788  ; 8.788  ; 8.788  ;
; B[2]       ; HEX0[4]     ; 9.094  ; 9.094  ; 9.094  ; 9.094  ;
; B[2]       ; HEX0[5]     ; 8.749  ; 8.749  ; 8.749  ; 8.749  ;
; B[2]       ; HEX0[6]     ; 8.570  ; 8.570  ; 8.570  ; 8.570  ;
; B[2]       ; HEX1[0]     ; 9.909  ; 9.909  ; 9.909  ; 9.909  ;
; B[2]       ; HEX1[2]     ; 11.022 ; 11.022 ; 11.022 ; 11.022 ;
; B[2]       ; HEX1[3]     ; 9.462  ; 9.462  ; 9.462  ; 9.462  ;
; B[2]       ; HEX1[4]     ; 10.653 ; 10.653 ; 10.653 ; 10.653 ;
; B[2]       ; HEX1[5]     ; 9.896  ; 9.896  ; 9.896  ; 9.896  ;
; B[2]       ; HEX1[6]     ; 9.965  ; 9.965  ; 9.965  ; 9.965  ;
; B[2]       ; S[2]        ; 7.257  ; 7.257  ; 7.257  ; 7.257  ;
; B[2]       ; S[3]        ; 6.608  ; 6.608  ; 6.608  ; 6.608  ;
; B[2]       ; S[4]        ; 7.243  ;        ;        ; 7.243  ;
; B[3]       ; HEX0[0]     ; 8.266  ; 8.266  ; 8.266  ; 8.266  ;
; B[3]       ; HEX0[1]     ; 8.117  ; 8.117  ; 8.117  ; 8.117  ;
; B[3]       ; HEX0[2]     ; 8.228  ; 8.228  ; 8.228  ; 8.228  ;
; B[3]       ; HEX0[3]     ; 7.841  ; 7.841  ; 7.841  ; 7.841  ;
; B[3]       ; HEX0[4]     ; 7.908  ; 7.908  ; 7.908  ; 7.908  ;
; B[3]       ; HEX0[5]     ; 7.822  ; 7.822  ; 7.822  ; 7.822  ;
; B[3]       ; HEX0[6]     ; 7.832  ; 7.832  ; 7.832  ; 7.832  ;
; B[3]       ; HEX1[0]     ; 9.344  ; 8.770  ; 8.770  ; 9.344  ;
; B[3]       ; HEX1[2]     ; 9.883  ; 9.876  ; 9.876  ; 9.883  ;
; B[3]       ; HEX1[3]     ; 8.897  ; 8.323  ; 8.323  ; 8.897  ;
; B[3]       ; HEX1[4]     ; 9.274  ; 10.088 ; 10.088 ; 9.274  ;
; B[3]       ; HEX1[5]     ; 8.757  ; 9.331  ; 9.331  ; 8.757  ;
; B[3]       ; HEX1[6]     ; 9.400  ; 8.826  ; 8.826  ; 9.400  ;
; B[3]       ; S[3]        ; 6.043  ; 6.043  ; 6.043  ; 6.043  ;
; B[3]       ; S[4]        ; 5.461  ;        ;        ; 5.461  ;
; TE0        ; HEX0[0]     ; 7.919  ; 7.919  ; 7.919  ; 7.919  ;
; TE0        ; HEX0[1]     ; 7.666  ; 7.666  ; 7.666  ; 7.666  ;
; TE0        ; HEX0[2]     ; 7.837  ; 7.837  ; 7.837  ; 7.837  ;
; TE0        ; HEX0[3]     ; 8.038  ; 8.038  ; 8.038  ; 8.038  ;
; TE0        ; HEX0[4]     ; 7.163  ; 7.163  ; 7.163  ; 7.163  ;
; TE0        ; HEX0[5]     ; 8.033  ; 8.033  ; 8.033  ; 8.033  ;
; TE0        ; HEX0[6]     ; 8.299  ; 8.299  ; 8.299  ; 8.299  ;
; TE0        ; HEX1[0]     ; 11.231 ; 11.231 ; 11.231 ; 11.231 ;
; TE0        ; HEX1[2]     ; 11.993 ; 11.993 ; 11.993 ; 11.993 ;
; TE0        ; HEX1[3]     ; 10.784 ; 10.784 ; 10.784 ; 10.784 ;
; TE0        ; HEX1[4]     ; 11.391 ; 11.391 ; 11.391 ; 11.391 ;
; TE0        ; HEX1[5]     ; 11.218 ; 11.218 ; 11.218 ; 11.218 ;
; TE0        ; HEX1[6]     ; 11.287 ; 11.287 ; 11.287 ; 11.287 ;
; TE0        ; S[0]        ; 6.922  ; 6.922  ; 6.922  ; 6.922  ;
; TE0        ; S[1]        ; 7.838  ; 7.838  ; 7.838  ; 7.838  ;
; TE0        ; S[2]        ; 7.826  ; 7.826  ; 7.826  ; 7.826  ;
; TE0        ; S[3]        ; 8.517  ; 8.517  ; 8.517  ; 8.517  ;
; TE0        ; S[4]        ; 9.154  ;        ;        ; 9.154  ;
+------------+-------------+--------+--------+--------+--------+


----------------------------
; Fast Model Setup Summary ;
----------------------------
No paths to report.


---------------------------
; Fast Model Hold Summary ;
---------------------------
No paths to report.


-------------------------------
; Fast Model Recovery Summary ;
-------------------------------
No paths to report.


------------------------------
; Fast Model Removal Summary ;
------------------------------
No paths to report.


------------------------------------------
; Fast Model Minimum Pulse Width Summary ;
------------------------------------------
No paths to report.


+----------------------------------------------------------+
; Propagation Delay                                        ;
+------------+-------------+-------+-------+-------+-------+
; Input Port ; Output Port ; RR    ; RF    ; FR    ; FF    ;
+------------+-------------+-------+-------+-------+-------+
; A[0]       ; HEX0[0]     ; 9.166 ; 9.166 ; 9.166 ; 9.166 ;
; A[0]       ; HEX0[1]     ; 8.870 ; 8.870 ; 8.870 ; 8.870 ;
; A[0]       ; HEX0[2]     ; 9.143 ; 9.143 ; 9.143 ; 9.143 ;
; A[0]       ; HEX0[3]     ; 9.027 ; 9.027 ; 9.027 ; 9.027 ;
; A[0]       ; HEX0[4]     ; 9.008 ; 9.008 ; 9.008 ; 9.008 ;
; A[0]       ; HEX0[5]     ; 8.879 ; 8.879 ; 8.879 ; 8.879 ;
; A[0]       ; HEX0[6]     ; 9.017 ; 9.017 ; 9.017 ; 9.017 ;
; A[0]       ; HEX1[0]     ; 9.580 ; 9.501 ; 9.501 ; 9.580 ;
; A[0]       ; HEX1[2]     ; 9.564 ; 9.643 ; 9.643 ; 9.564 ;
; A[0]       ; HEX1[3]     ; 9.326 ; 9.247 ; 9.247 ; 9.326 ;
; A[0]       ; HEX1[4]     ; 9.395 ; 9.316 ; 9.316 ; 9.395 ;
; A[0]       ; HEX1[5]     ; 9.512 ; 9.433 ; 9.433 ; 9.512 ;
; A[0]       ; HEX1[6]     ; 8.199 ; 8.278 ; 8.278 ; 8.199 ;
; A[0]       ; S[0]        ; 6.114 ; 6.114 ; 6.114 ; 6.114 ;
; A[0]       ; S[1]        ; 6.503 ; 6.503 ; 6.503 ; 6.503 ;
; A[0]       ; S[2]        ; 6.486 ; 6.486 ; 6.486 ; 6.486 ;
; A[0]       ; S[3]        ; 6.782 ; 6.782 ; 6.782 ; 6.782 ;
; A[0]       ; S[4]        ; 7.041 ;       ;       ; 7.041 ;
; A[1]       ; HEX0[0]     ; 8.675 ; 8.675 ; 8.675 ; 8.675 ;
; A[1]       ; HEX0[1]     ; 8.379 ; 8.379 ; 8.379 ; 8.379 ;
; A[1]       ; HEX0[2]     ; 8.652 ; 8.652 ; 8.652 ; 8.652 ;
; A[1]       ; HEX0[3]     ; 8.536 ; 8.536 ; 8.536 ; 8.536 ;
; A[1]       ; HEX0[4]     ; 8.517 ; 8.517 ; 8.517 ; 8.517 ;
; A[1]       ; HEX0[5]     ; 8.388 ; 8.388 ; 8.388 ; 8.388 ;
; A[1]       ; HEX0[6]     ; 8.526 ; 8.526 ; 8.526 ; 8.526 ;
; A[1]       ; HEX1[0]     ; 9.089 ; 9.010 ; 9.010 ; 9.089 ;
; A[1]       ; HEX1[2]     ; 9.073 ; 9.152 ; 9.152 ; 9.073 ;
; A[1]       ; HEX1[3]     ; 8.835 ; 8.756 ; 8.756 ; 8.835 ;
; A[1]       ; HEX1[4]     ; 8.904 ; 8.825 ; 8.825 ; 8.904 ;
; A[1]       ; HEX1[5]     ; 9.021 ; 8.942 ; 8.942 ; 9.021 ;
; A[1]       ; HEX1[6]     ; 7.708 ; 7.787 ; 7.787 ; 7.708 ;
; A[1]       ; S[1]        ; 5.999 ; 5.999 ; 5.999 ; 5.999 ;
; A[1]       ; S[2]        ; 5.981 ; 5.981 ; 5.981 ; 5.981 ;
; A[1]       ; S[3]        ; 6.291 ; 6.291 ; 6.291 ; 6.291 ;
; A[1]       ; S[4]        ; 6.550 ;       ;       ; 6.550 ;
; A[2]       ; HEX0[0]     ; 8.759 ; 8.759 ; 8.759 ; 8.759 ;
; A[2]       ; HEX0[1]     ; 8.463 ; 8.463 ; 8.463 ; 8.463 ;
; A[2]       ; HEX0[2]     ; 8.736 ; 8.736 ; 8.736 ; 8.736 ;
; A[2]       ; HEX0[3]     ; 8.620 ; 8.620 ; 8.620 ; 8.620 ;
; A[2]       ; HEX0[4]     ; 8.601 ; 8.601 ; 8.601 ; 8.601 ;
; A[2]       ; HEX0[5]     ; 8.472 ; 8.472 ; 8.472 ; 8.472 ;
; A[2]       ; HEX0[6]     ; 8.610 ; 8.610 ; 8.610 ; 8.610 ;
; A[2]       ; HEX1[0]     ; 9.002 ; 9.002 ; 9.002 ; 9.002 ;
; A[2]       ; HEX1[2]     ; 9.065 ; 9.065 ; 9.065 ; 9.065 ;
; A[2]       ; HEX1[3]     ; 8.748 ; 8.748 ; 8.748 ; 8.748 ;
; A[2]       ; HEX1[4]     ; 8.817 ; 8.817 ; 8.817 ; 8.817 ;
; A[2]       ; HEX1[5]     ; 8.934 ; 8.934 ; 8.934 ; 8.934 ;
; A[2]       ; HEX1[6]     ; 7.700 ; 7.700 ; 7.700 ; 7.700 ;
; A[2]       ; S[2]        ; 6.217 ; 6.217 ; 6.217 ; 6.217 ;
; A[2]       ; S[3]        ; 6.023 ; 6.023 ; 6.023 ; 6.023 ;
; A[2]       ; S[4]        ; 6.207 ;       ;       ; 6.207 ;
; A[3]       ; HEX0[0]     ; 8.640 ; 8.640 ; 8.640 ; 8.640 ;
; A[3]       ; HEX0[1]     ; 8.344 ; 8.344 ; 8.344 ; 8.344 ;
; A[3]       ; HEX0[2]     ; 8.617 ; 8.617 ; 8.617 ; 8.617 ;
; A[3]       ; HEX0[3]     ; 8.501 ; 8.501 ; 8.501 ; 8.501 ;
; A[3]       ; HEX0[4]     ; 8.482 ; 8.482 ; 8.482 ; 8.482 ;
; A[3]       ; HEX0[5]     ; 8.353 ; 8.353 ; 8.353 ; 8.353 ;
; A[3]       ; HEX0[6]     ; 8.491 ; 8.491 ; 8.491 ; 8.491 ;
; A[3]       ; HEX1[0]     ; 9.090 ; 9.001 ; 9.001 ; 9.090 ;
; A[3]       ; HEX1[2]     ; 9.064 ; 9.153 ; 9.153 ; 9.064 ;
; A[3]       ; HEX1[3]     ; 8.836 ; 8.747 ; 8.747 ; 8.836 ;
; A[3]       ; HEX1[4]     ; 8.905 ; 8.816 ; 8.816 ; 8.905 ;
; A[3]       ; HEX1[5]     ; 9.022 ; 8.933 ; 8.933 ; 9.022 ;
; A[3]       ; HEX1[6]     ; 7.558 ; 7.788 ; 7.788 ; 7.558 ;
; A[3]       ; S[3]        ; 6.141 ; 6.141 ; 6.141 ; 6.141 ;
; A[3]       ; S[4]        ; 6.551 ;       ;       ; 6.551 ;
; B[0]       ; HEX0[0]     ; 6.688 ; 6.688 ; 6.688 ; 6.688 ;
; B[0]       ; HEX0[1]     ; 6.392 ; 6.392 ; 6.392 ; 6.392 ;
; B[0]       ; HEX0[2]     ; 6.665 ; 6.665 ; 6.665 ; 6.665 ;
; B[0]       ; HEX0[3]     ; 6.549 ; 6.549 ; 6.549 ; 6.549 ;
; B[0]       ; HEX0[4]     ; 6.530 ; 6.530 ; 6.530 ; 6.530 ;
; B[0]       ; HEX0[5]     ; 6.401 ; 6.401 ; 6.401 ; 6.401 ;
; B[0]       ; HEX0[6]     ; 6.539 ; 6.539 ; 6.539 ; 6.539 ;
; B[0]       ; HEX1[0]     ; 7.102 ; 7.023 ; 7.023 ; 7.102 ;
; B[0]       ; HEX1[2]     ; 7.086 ; 7.165 ; 7.165 ; 7.086 ;
; B[0]       ; HEX1[3]     ; 6.848 ; 6.769 ; 6.769 ; 6.848 ;
; B[0]       ; HEX1[4]     ; 6.917 ; 6.838 ; 6.838 ; 6.917 ;
; B[0]       ; HEX1[5]     ; 7.034 ; 6.955 ; 6.955 ; 7.034 ;
; B[0]       ; HEX1[6]     ; 5.721 ; 5.800 ; 5.800 ; 5.721 ;
; B[0]       ; S[0]        ; 3.637 ; 3.637 ; 3.637 ; 3.637 ;
; B[0]       ; S[1]        ; 4.025 ; 4.025 ; 4.025 ; 4.025 ;
; B[0]       ; S[2]        ; 4.008 ; 4.008 ; 4.008 ; 4.008 ;
; B[0]       ; S[3]        ; 4.304 ; 4.304 ; 4.304 ; 4.304 ;
; B[0]       ; S[4]        ; 4.563 ;       ;       ; 4.563 ;
; B[1]       ; HEX0[0]     ; 6.240 ; 6.240 ; 6.240 ; 6.240 ;
; B[1]       ; HEX0[1]     ; 5.944 ; 5.944 ; 5.944 ; 5.944 ;
; B[1]       ; HEX0[2]     ; 6.217 ; 6.217 ; 6.217 ; 6.217 ;
; B[1]       ; HEX0[3]     ; 6.101 ; 6.101 ; 6.101 ; 6.101 ;
; B[1]       ; HEX0[4]     ; 6.082 ; 6.082 ; 6.082 ; 6.082 ;
; B[1]       ; HEX0[5]     ; 5.953 ; 5.953 ; 5.953 ; 5.953 ;
; B[1]       ; HEX0[6]     ; 6.091 ; 6.091 ; 6.091 ; 6.091 ;
; B[1]       ; HEX1[0]     ; 6.654 ; 6.575 ; 6.575 ; 6.654 ;
; B[1]       ; HEX1[2]     ; 6.638 ; 6.717 ; 6.717 ; 6.638 ;
; B[1]       ; HEX1[3]     ; 6.400 ; 6.321 ; 6.321 ; 6.400 ;
; B[1]       ; HEX1[4]     ; 6.469 ; 6.390 ; 6.390 ; 6.469 ;
; B[1]       ; HEX1[5]     ; 6.586 ; 6.507 ; 6.507 ; 6.586 ;
; B[1]       ; HEX1[6]     ; 5.273 ; 5.352 ; 5.352 ; 5.273 ;
; B[1]       ; S[1]        ; 3.567 ; 3.567 ; 3.567 ; 3.567 ;
; B[1]       ; S[2]        ; 3.550 ; 3.550 ; 3.550 ; 3.550 ;
; B[1]       ; S[3]        ; 3.856 ; 3.856 ; 3.856 ; 3.856 ;
; B[1]       ; S[4]        ; 4.115 ;       ;       ; 4.115 ;
; B[2]       ; HEX0[0]     ; 6.328 ; 6.328 ; 6.328 ; 6.328 ;
; B[2]       ; HEX0[1]     ; 6.032 ; 6.032 ; 6.032 ; 6.032 ;
; B[2]       ; HEX0[2]     ; 6.305 ; 6.305 ; 6.305 ; 6.305 ;
; B[2]       ; HEX0[3]     ; 6.189 ; 6.189 ; 6.189 ; 6.189 ;
; B[2]       ; HEX0[4]     ; 6.170 ; 6.170 ; 6.170 ; 6.170 ;
; B[2]       ; HEX0[5]     ; 6.041 ; 6.041 ; 6.041 ; 6.041 ;
; B[2]       ; HEX0[6]     ; 6.179 ; 6.179 ; 6.179 ; 6.179 ;
; B[2]       ; HEX1[0]     ; 6.571 ; 6.571 ; 6.571 ; 6.571 ;
; B[2]       ; HEX1[2]     ; 6.634 ; 6.634 ; 6.634 ; 6.634 ;
; B[2]       ; HEX1[3]     ; 6.317 ; 6.317 ; 6.317 ; 6.317 ;
; B[2]       ; HEX1[4]     ; 6.386 ; 6.386 ; 6.386 ; 6.386 ;
; B[2]       ; HEX1[5]     ; 6.503 ; 6.503 ; 6.503 ; 6.503 ;
; B[2]       ; HEX1[6]     ; 5.269 ; 5.269 ; 5.269 ; 5.269 ;
; B[2]       ; S[2]        ; 3.786 ; 3.786 ; 3.786 ; 3.786 ;
; B[2]       ; S[3]        ; 3.522 ; 3.522 ; 3.522 ; 3.522 ;
; B[2]       ; S[4]        ; 3.775 ;       ;       ; 3.775 ;
; B[3]       ; HEX0[0]     ; 5.612 ; 5.612 ; 5.612 ; 5.612 ;
; B[3]       ; HEX0[1]     ; 5.316 ; 5.316 ; 5.316 ; 5.316 ;
; B[3]       ; HEX0[2]     ; 5.589 ; 5.589 ; 5.589 ; 5.589 ;
; B[3]       ; HEX0[3]     ; 5.473 ; 5.473 ; 5.473 ; 5.473 ;
; B[3]       ; HEX0[4]     ; 5.454 ; 5.454 ; 5.454 ; 5.454 ;
; B[3]       ; HEX0[5]     ; 5.325 ; 5.325 ; 5.325 ; 5.325 ;
; B[3]       ; HEX0[6]     ; 5.463 ; 5.463 ; 5.463 ; 5.463 ;
; B[3]       ; HEX1[0]     ; 6.062 ; 5.973 ; 5.973 ; 6.062 ;
; B[3]       ; HEX1[2]     ; 6.036 ; 6.125 ; 6.125 ; 6.036 ;
; B[3]       ; HEX1[3]     ; 5.808 ; 5.719 ; 5.719 ; 5.808 ;
; B[3]       ; HEX1[4]     ; 5.877 ; 5.788 ; 5.788 ; 5.877 ;
; B[3]       ; HEX1[5]     ; 5.994 ; 5.905 ; 5.905 ; 5.994 ;
; B[3]       ; HEX1[6]     ; 4.530 ; 4.760 ; 4.760 ; 4.530 ;
; B[3]       ; S[3]        ; 3.113 ; 3.113 ; 3.113 ; 3.113 ;
; B[3]       ; S[4]        ; 3.523 ;       ;       ; 3.523 ;
; TE0        ; HEX0[0]     ; 6.685 ; 6.685 ; 6.685 ; 6.685 ;
; TE0        ; HEX0[1]     ; 6.389 ; 6.389 ; 6.389 ; 6.389 ;
; TE0        ; HEX0[2]     ; 6.662 ; 6.662 ; 6.662 ; 6.662 ;
; TE0        ; HEX0[3]     ; 6.546 ; 6.546 ; 6.546 ; 6.546 ;
; TE0        ; HEX0[4]     ; 6.527 ; 6.527 ; 6.527 ; 6.527 ;
; TE0        ; HEX0[5]     ; 6.398 ; 6.398 ; 6.398 ; 6.398 ;
; TE0        ; HEX0[6]     ; 6.536 ; 6.536 ; 6.536 ; 6.536 ;
; TE0        ; HEX1[0]     ; 7.099 ; 7.020 ; 7.020 ; 7.099 ;
; TE0        ; HEX1[2]     ; 7.083 ; 7.162 ; 7.162 ; 7.083 ;
; TE0        ; HEX1[3]     ; 6.845 ; 6.766 ; 6.766 ; 6.845 ;
; TE0        ; HEX1[4]     ; 6.914 ; 6.835 ; 6.835 ; 6.914 ;
; TE0        ; HEX1[5]     ; 7.031 ; 6.952 ; 6.952 ; 7.031 ;
; TE0        ; HEX1[6]     ; 5.718 ; 5.797 ; 5.797 ; 5.718 ;
; TE0        ; S[0]        ; 3.634 ; 3.634 ; 3.634 ; 3.634 ;
; TE0        ; S[1]        ; 4.022 ; 4.022 ; 4.022 ; 4.022 ;
; TE0        ; S[2]        ; 4.005 ; 4.005 ; 4.005 ; 4.005 ;
; TE0        ; S[3]        ; 4.301 ; 4.301 ; 4.301 ; 4.301 ;
; TE0        ; S[4]        ; 4.560 ;       ;       ; 4.560 ;
+------------+-------------+-------+-------+-------+-------+


+----------------------------------------------------------+
; Minimum Propagation Delay                                ;
+------------+-------------+-------+-------+-------+-------+
; Input Port ; Output Port ; RR    ; RF    ; FR    ; FF    ;
+------------+-------------+-------+-------+-------+-------+
; A[0]       ; HEX0[0]     ; 6.558 ; 6.558 ; 6.558 ; 6.558 ;
; A[0]       ; HEX0[1]     ; 6.239 ; 6.239 ; 6.239 ; 6.239 ;
; A[0]       ; HEX0[2]     ; 6.535 ; 6.535 ; 6.535 ; 6.535 ;
; A[0]       ; HEX0[3]     ; 6.591 ; 6.591 ; 6.591 ; 6.591 ;
; A[0]       ; HEX0[4]     ; 6.205 ; 6.205 ; 6.205 ; 6.205 ;
; A[0]       ; HEX0[5]     ; 6.591 ; 6.591 ; 6.591 ; 6.591 ;
; A[0]       ; HEX0[6]     ; 6.701 ; 6.701 ; 6.701 ; 6.701 ;
; A[0]       ; HEX1[0]     ; 8.033 ; 8.033 ; 8.033 ; 8.033 ;
; A[0]       ; HEX1[2]     ; 8.259 ; 8.259 ; 8.259 ; 8.259 ;
; A[0]       ; HEX1[3]     ; 7.779 ; 7.779 ; 7.779 ; 7.779 ;
; A[0]       ; HEX1[4]     ; 8.011 ; 8.011 ; 8.011 ; 8.011 ;
; A[0]       ; HEX1[5]     ; 7.970 ; 7.970 ; 7.970 ; 7.970 ;
; A[0]       ; HEX1[6]     ; 7.969 ; 7.969 ; 7.969 ; 7.969 ;
; A[0]       ; S[0]        ; 6.114 ; 6.114 ; 6.114 ; 6.114 ;
; A[0]       ; S[1]        ; 6.503 ; 6.503 ; 6.503 ; 6.503 ;
; A[0]       ; S[2]        ; 6.486 ; 6.486 ; 6.486 ; 6.486 ;
; A[0]       ; S[3]        ; 6.782 ; 6.782 ; 6.782 ; 6.782 ;
; A[0]       ; S[4]        ; 7.041 ;       ;       ; 7.041 ;
; A[1]       ; HEX0[0]     ; 6.756 ; 6.756 ; 6.756 ; 6.756 ;
; A[1]       ; HEX0[1]     ; 6.994 ; 6.994 ; 6.994 ; 6.994 ;
; A[1]       ; HEX0[2]     ; 6.753 ; 6.753 ; 6.753 ; 6.753 ;
; A[1]       ; HEX0[3]     ; 6.692 ; 6.692 ; 6.692 ; 6.692 ;
; A[1]       ; HEX0[4]     ; 6.712 ; 6.712 ; 6.712 ; 6.712 ;
; A[1]       ; HEX0[5]     ; 6.809 ; 6.809 ; 6.809 ; 6.809 ;
; A[1]       ; HEX0[6]     ; 6.823 ; 6.823 ; 6.823 ; 6.823 ;
; A[1]       ; HEX1[0]     ; 7.528 ; 7.528 ; 7.528 ; 7.528 ;
; A[1]       ; HEX1[2]     ; 7.769 ; 7.769 ; 7.769 ; 7.769 ;
; A[1]       ; HEX1[3]     ; 7.274 ; 7.274 ; 7.274 ; 7.274 ;
; A[1]       ; HEX1[4]     ; 7.521 ; 7.521 ; 7.521 ; 7.521 ;
; A[1]       ; HEX1[5]     ; 7.465 ; 7.465 ; 7.465 ; 7.465 ;
; A[1]       ; HEX1[6]     ; 7.464 ; 7.464 ; 7.464 ; 7.464 ;
; A[1]       ; S[1]        ; 5.999 ; 5.999 ; 5.999 ; 5.999 ;
; A[1]       ; S[2]        ; 5.981 ; 5.981 ; 5.981 ; 5.981 ;
; A[1]       ; S[3]        ; 6.291 ; 6.291 ; 6.291 ; 6.291 ;
; A[1]       ; S[4]        ; 6.550 ;       ;       ; 6.550 ;
; A[2]       ; HEX0[0]     ; 7.009 ; 7.009 ; 7.009 ; 7.009 ;
; A[2]       ; HEX0[1]     ; 7.090 ; 7.090 ; 7.090 ; 7.090 ;
; A[2]       ; HEX0[2]     ; 6.977 ; 6.977 ; 6.977 ; 6.977 ;
; A[2]       ; HEX0[3]     ; 6.959 ; 6.959 ; 6.959 ; 6.959 ;
; A[2]       ; HEX0[4]     ; 7.007 ; 7.007 ; 7.007 ; 7.007 ;
; A[2]       ; HEX0[5]     ; 6.945 ; 6.945 ; 6.945 ; 6.945 ;
; A[2]       ; HEX0[6]     ; 6.870 ; 6.870 ; 6.870 ; 6.870 ;
; A[2]       ; HEX1[0]     ; 7.504 ; 7.504 ; 7.504 ; 7.504 ;
; A[2]       ; HEX1[2]     ; 7.892 ; 7.892 ; 7.892 ; 7.892 ;
; A[2]       ; HEX1[3]     ; 7.250 ; 7.250 ; 7.250 ; 7.250 ;
; A[2]       ; HEX1[4]     ; 7.698 ; 7.748 ; 7.748 ; 7.698 ;
; A[2]       ; HEX1[5]     ; 7.441 ; 7.441 ; 7.441 ; 7.441 ;
; A[2]       ; HEX1[6]     ; 7.440 ; 7.440 ; 7.440 ; 7.440 ;
; A[2]       ; S[2]        ; 6.217 ; 6.217 ; 6.217 ; 6.217 ;
; A[2]       ; S[3]        ; 6.023 ; 6.023 ; 6.023 ; 6.023 ;
; A[2]       ; S[4]        ; 6.207 ;       ;       ; 6.207 ;
; A[3]       ; HEX0[0]     ; 7.127 ; 7.127 ; 7.127 ; 7.127 ;
; A[3]       ; HEX0[1]     ; 6.890 ; 6.890 ; 6.890 ; 6.890 ;
; A[3]       ; HEX0[2]     ; 7.095 ; 7.095 ; 7.095 ; 7.095 ;
; A[3]       ; HEX0[3]     ; 6.780 ; 6.780 ; 6.780 ; 6.780 ;
; A[3]       ; HEX0[4]     ; 6.807 ; 6.807 ; 6.807 ; 6.807 ;
; A[3]       ; HEX0[5]     ; 6.766 ; 6.766 ; 6.766 ; 6.766 ;
; A[3]       ; HEX0[6]     ; 6.770 ; 6.770 ; 6.770 ; 6.770 ;
; A[3]       ; HEX1[0]     ; 7.562 ; 7.410 ; 7.410 ; 7.562 ;
; A[3]       ; HEX1[2]     ; 7.798 ; 7.625 ; 7.625 ; 7.798 ;
; A[3]       ; HEX1[3]     ; 7.308 ; 7.156 ; 7.156 ; 7.308 ;
; A[3]       ; HEX1[4]     ; 7.377 ; 7.866 ; 7.866 ; 7.377 ;
; A[3]       ; HEX1[5]     ; 7.347 ; 7.559 ; 7.559 ; 7.347 ;
; A[3]       ; HEX1[6]     ; 7.558 ; 7.346 ; 7.346 ; 7.558 ;
; A[3]       ; S[3]        ; 6.141 ; 6.141 ; 6.141 ; 6.141 ;
; A[3]       ; S[4]        ; 5.887 ;       ;       ; 5.887 ;
; B[0]       ; HEX0[0]     ; 4.081 ; 4.081 ; 4.081 ; 4.081 ;
; B[0]       ; HEX0[1]     ; 4.000 ; 4.000 ; 4.000 ; 4.000 ;
; B[0]       ; HEX0[2]     ; 4.058 ; 4.058 ; 4.058 ; 4.058 ;
; B[0]       ; HEX0[3]     ; 4.114 ; 4.114 ; 4.114 ; 4.114 ;
; B[0]       ; HEX0[4]     ; 3.728 ; 3.728 ; 3.728 ; 3.728 ;
; B[0]       ; HEX0[5]     ; 4.114 ; 4.114 ; 4.114 ; 4.114 ;
; B[0]       ; HEX0[6]     ; 4.224 ; 4.224 ; 4.224 ; 4.224 ;
; B[0]       ; HEX1[0]     ; 5.555 ; 5.555 ; 5.555 ; 5.555 ;
; B[0]       ; HEX1[2]     ; 5.781 ; 5.781 ; 5.781 ; 5.781 ;
; B[0]       ; HEX1[3]     ; 5.301 ; 5.301 ; 5.301 ; 5.301 ;
; B[0]       ; HEX1[4]     ; 5.533 ; 5.533 ; 5.533 ; 5.533 ;
; B[0]       ; HEX1[5]     ; 5.492 ; 5.492 ; 5.492 ; 5.492 ;
; B[0]       ; HEX1[6]     ; 5.491 ; 5.491 ; 5.491 ; 5.491 ;
; B[0]       ; S[0]        ; 3.637 ; 3.637 ; 3.637 ; 3.637 ;
; B[0]       ; S[1]        ; 4.025 ; 4.025 ; 4.025 ; 4.025 ;
; B[0]       ; S[2]        ; 4.008 ; 4.008 ; 4.008 ; 4.008 ;
; B[0]       ; S[3]        ; 4.304 ; 4.304 ; 4.304 ; 4.304 ;
; B[0]       ; S[4]        ; 4.563 ;       ;       ; 4.563 ;
; B[1]       ; HEX0[0]     ; 4.324 ; 4.324 ; 4.324 ; 4.324 ;
; B[1]       ; HEX0[1]     ; 4.562 ; 4.562 ; 4.562 ; 4.562 ;
; B[1]       ; HEX0[2]     ; 4.321 ; 4.321 ; 4.321 ; 4.321 ;
; B[1]       ; HEX0[3]     ; 4.260 ; 4.260 ; 4.260 ; 4.260 ;
; B[1]       ; HEX0[4]     ; 4.280 ; 4.280 ; 4.280 ; 4.280 ;
; B[1]       ; HEX0[5]     ; 4.377 ; 4.377 ; 4.377 ; 4.377 ;
; B[1]       ; HEX0[6]     ; 4.391 ; 4.391 ; 4.391 ; 4.391 ;
; B[1]       ; HEX1[0]     ; 5.097 ; 5.097 ; 5.097 ; 5.097 ;
; B[1]       ; HEX1[2]     ; 5.335 ; 5.335 ; 5.335 ; 5.335 ;
; B[1]       ; HEX1[3]     ; 4.843 ; 4.843 ; 4.843 ; 4.843 ;
; B[1]       ; HEX1[4]     ; 5.087 ; 5.087 ; 5.087 ; 5.087 ;
; B[1]       ; HEX1[5]     ; 5.034 ; 5.034 ; 5.034 ; 5.034 ;
; B[1]       ; HEX1[6]     ; 5.033 ; 5.033 ; 5.033 ; 5.033 ;
; B[1]       ; S[1]        ; 3.567 ; 3.567 ; 3.567 ; 3.567 ;
; B[1]       ; S[2]        ; 3.550 ; 3.550 ; 3.550 ; 3.550 ;
; B[1]       ; S[3]        ; 3.856 ; 3.856 ; 3.856 ; 3.856 ;
; B[1]       ; S[4]        ; 4.115 ;       ;       ; 4.115 ;
; B[2]       ; HEX0[0]     ; 4.508 ; 4.508 ; 4.508 ; 4.508 ;
; B[2]       ; HEX0[1]     ; 4.658 ; 4.658 ; 4.658 ; 4.658 ;
; B[2]       ; HEX0[2]     ; 4.476 ; 4.476 ; 4.476 ; 4.476 ;
; B[2]       ; HEX0[3]     ; 4.458 ; 4.458 ; 4.458 ; 4.458 ;
; B[2]       ; HEX0[4]     ; 4.575 ; 4.575 ; 4.575 ; 4.575 ;
; B[2]       ; HEX0[5]     ; 4.444 ; 4.444 ; 4.444 ; 4.444 ;
; B[2]       ; HEX0[6]     ; 4.369 ; 4.369 ; 4.369 ; 4.369 ;
; B[2]       ; HEX1[0]     ; 5.003 ; 5.003 ; 5.003 ; 5.003 ;
; B[2]       ; HEX1[2]     ; 5.391 ; 5.391 ; 5.391 ; 5.391 ;
; B[2]       ; HEX1[3]     ; 4.749 ; 4.749 ; 4.749 ; 4.749 ;
; B[2]       ; HEX1[4]     ; 5.247 ; 5.247 ; 5.247 ; 5.247 ;
; B[2]       ; HEX1[5]     ; 4.940 ; 4.940 ; 4.940 ; 4.940 ;
; B[2]       ; HEX1[6]     ; 4.939 ; 4.939 ; 4.939 ; 4.939 ;
; B[2]       ; S[2]        ; 3.786 ; 3.786 ; 3.786 ; 3.786 ;
; B[2]       ; S[3]        ; 3.522 ; 3.522 ; 3.522 ; 3.522 ;
; B[2]       ; S[4]        ; 3.775 ;       ;       ; 3.775 ;
; B[3]       ; HEX0[0]     ; 4.099 ; 4.099 ; 4.099 ; 4.099 ;
; B[3]       ; HEX0[1]     ; 3.990 ; 3.990 ; 3.990 ; 3.990 ;
; B[3]       ; HEX0[2]     ; 4.067 ; 4.067 ; 4.067 ; 4.067 ;
; B[3]       ; HEX0[3]     ; 3.880 ; 3.880 ; 3.880 ; 3.880 ;
; B[3]       ; HEX0[4]     ; 3.907 ; 3.907 ; 3.907 ; 3.907 ;
; B[3]       ; HEX0[5]     ; 3.866 ; 3.866 ; 3.866 ; 3.866 ;
; B[3]       ; HEX0[6]     ; 3.870 ; 3.870 ; 3.870 ; 3.870 ;
; B[3]       ; HEX1[0]     ; 4.594 ; 4.357 ; 4.357 ; 4.594 ;
; B[3]       ; HEX1[2]     ; 4.745 ; 4.725 ; 4.725 ; 4.745 ;
; B[3]       ; HEX1[3]     ; 4.340 ; 4.103 ; 4.103 ; 4.340 ;
; B[3]       ; HEX1[4]     ; 4.477 ; 4.835 ; 4.835 ; 4.477 ;
; B[3]       ; HEX1[5]     ; 4.294 ; 4.531 ; 4.531 ; 4.294 ;
; B[3]       ; HEX1[6]     ; 4.530 ; 4.293 ; 4.293 ; 4.530 ;
; B[3]       ; S[3]        ; 3.113 ; 3.113 ; 3.113 ; 3.113 ;
; B[3]       ; S[4]        ; 2.861 ;       ;       ; 2.861 ;
; TE0        ; HEX0[0]     ; 4.078 ; 4.078 ; 4.078 ; 4.078 ;
; TE0        ; HEX0[1]     ; 3.934 ; 3.934 ; 3.934 ; 3.934 ;
; TE0        ; HEX0[2]     ; 4.055 ; 4.055 ; 4.055 ; 4.055 ;
; TE0        ; HEX0[3]     ; 4.111 ; 4.111 ; 4.111 ; 4.111 ;
; TE0        ; HEX0[4]     ; 3.725 ; 3.725 ; 3.725 ; 3.725 ;
; TE0        ; HEX0[5]     ; 4.111 ; 4.111 ; 4.111 ; 4.111 ;
; TE0        ; HEX0[6]     ; 4.221 ; 4.221 ; 4.221 ; 4.221 ;
; TE0        ; HEX1[0]     ; 5.552 ; 5.552 ; 5.552 ; 5.552 ;
; TE0        ; HEX1[2]     ; 5.778 ; 5.778 ; 5.778 ; 5.778 ;
; TE0        ; HEX1[3]     ; 5.298 ; 5.298 ; 5.298 ; 5.298 ;
; TE0        ; HEX1[4]     ; 5.530 ; 5.530 ; 5.530 ; 5.530 ;
; TE0        ; HEX1[5]     ; 5.489 ; 5.489 ; 5.489 ; 5.489 ;
; TE0        ; HEX1[6]     ; 5.488 ; 5.488 ; 5.488 ; 5.488 ;
; TE0        ; S[0]        ; 3.634 ; 3.634 ; 3.634 ; 3.634 ;
; TE0        ; S[1]        ; 4.022 ; 4.022 ; 4.022 ; 4.022 ;
; TE0        ; S[2]        ; 4.005 ; 4.005 ; 4.005 ; 4.005 ;
; TE0        ; S[3]        ; 4.301 ; 4.301 ; 4.301 ; 4.301 ;
; TE0        ; S[4]        ; 4.560 ;       ;       ; 4.560 ;
+------------+-------------+-------+-------+-------+-------+


+----------------------------------------------------------------------------+
; Multicorner Timing Analysis Summary                                        ;
+------------------+-------+------+----------+---------+---------------------+
; Clock            ; Setup ; Hold ; Recovery ; Removal ; Minimum Pulse Width ;
+------------------+-------+------+----------+---------+---------------------+
; Worst-case Slack ; N/A   ; N/A  ; N/A      ; N/A     ; N/A                 ;
; Design-wide TNS  ; 0.0   ; 0.0  ; 0.0      ; 0.0     ; 0.0                 ;
+------------------+-------+------+----------+---------+---------------------+


+--------------------------------------------------------------+
; Progagation Delay                                            ;
+------------+-------------+--------+--------+--------+--------+
; Input Port ; Output Port ; RR     ; RF     ; FR     ; FF     ;
+------------+-------------+--------+--------+--------+--------+
; A[0]       ; HEX0[0]     ; 18.244 ; 18.244 ; 18.244 ; 18.244 ;
; A[0]       ; HEX0[1]     ; 17.546 ; 17.546 ; 17.546 ; 17.546 ;
; A[0]       ; HEX0[2]     ; 18.168 ; 18.168 ; 18.168 ; 18.168 ;
; A[0]       ; HEX0[3]     ; 17.925 ; 17.925 ; 17.925 ; 17.925 ;
; A[0]       ; HEX0[4]     ; 17.897 ; 17.897 ; 17.897 ; 17.897 ;
; A[0]       ; HEX0[5]     ; 17.626 ; 17.626 ; 17.626 ; 17.626 ;
; A[0]       ; HEX0[6]     ; 17.917 ; 17.917 ; 17.917 ; 17.917 ;
; A[0]       ; HEX1[0]     ; 18.935 ; 18.778 ; 18.778 ; 18.935 ;
; A[0]       ; HEX1[2]     ; 19.145 ; 19.302 ; 19.302 ; 19.145 ;
; A[0]       ; HEX1[3]     ; 18.488 ; 18.331 ; 18.331 ; 18.488 ;
; A[0]       ; HEX1[4]     ; 18.700 ; 18.543 ; 18.543 ; 18.700 ;
; A[0]       ; HEX1[5]     ; 18.922 ; 18.765 ; 18.765 ; 18.922 ;
; A[0]       ; HEX1[6]     ; 15.960 ; 16.124 ; 16.124 ; 15.960 ;
; A[0]       ; S[0]        ; 11.004 ; 11.004 ; 11.004 ; 11.004 ;
; A[0]       ; S[1]        ; 11.924 ; 11.924 ; 11.924 ; 11.924 ;
; A[0]       ; S[2]        ; 11.912 ; 11.912 ; 11.912 ; 11.912 ;
; A[0]       ; S[3]        ; 12.603 ; 12.603 ; 12.603 ; 12.603 ;
; A[0]       ; S[4]        ; 13.240 ;        ;        ; 13.240 ;
; A[1]       ; HEX0[0]     ; 17.115 ; 17.115 ; 17.115 ; 17.115 ;
; A[1]       ; HEX0[1]     ; 16.417 ; 16.417 ; 16.417 ; 16.417 ;
; A[1]       ; HEX0[2]     ; 17.039 ; 17.039 ; 17.039 ; 17.039 ;
; A[1]       ; HEX0[3]     ; 16.796 ; 16.796 ; 16.796 ; 16.796 ;
; A[1]       ; HEX0[4]     ; 16.768 ; 16.768 ; 16.768 ; 16.768 ;
; A[1]       ; HEX0[5]     ; 16.497 ; 16.497 ; 16.497 ; 16.497 ;
; A[1]       ; HEX0[6]     ; 16.788 ; 16.788 ; 16.788 ; 16.788 ;
; A[1]       ; HEX1[0]     ; 17.806 ; 17.649 ; 17.649 ; 17.806 ;
; A[1]       ; HEX1[2]     ; 18.016 ; 18.173 ; 18.173 ; 18.016 ;
; A[1]       ; HEX1[3]     ; 17.359 ; 17.202 ; 17.202 ; 17.359 ;
; A[1]       ; HEX1[4]     ; 17.571 ; 17.414 ; 17.414 ; 17.571 ;
; A[1]       ; HEX1[5]     ; 17.793 ; 17.636 ; 17.636 ; 17.793 ;
; A[1]       ; HEX1[6]     ; 14.831 ; 14.995 ; 14.995 ; 14.831 ;
; A[1]       ; S[1]        ; 10.787 ; 10.787 ; 10.787 ; 10.787 ;
; A[1]       ; S[2]        ; 10.772 ; 10.772 ; 10.772 ; 10.772 ;
; A[1]       ; S[3]        ; 11.474 ; 11.474 ; 11.474 ; 11.474 ;
; A[1]       ; S[4]        ; 12.111 ;        ;        ; 12.111 ;
; A[2]       ; HEX0[0]     ; 17.254 ; 17.254 ; 17.254 ; 17.254 ;
; A[2]       ; HEX0[1]     ; 16.556 ; 16.556 ; 16.556 ; 16.556 ;
; A[2]       ; HEX0[2]     ; 17.178 ; 17.178 ; 17.178 ; 17.178 ;
; A[2]       ; HEX0[3]     ; 16.935 ; 16.935 ; 16.935 ; 16.935 ;
; A[2]       ; HEX0[4]     ; 16.907 ; 16.907 ; 16.907 ; 16.907 ;
; A[2]       ; HEX0[5]     ; 16.636 ; 16.636 ; 16.636 ; 16.636 ;
; A[2]       ; HEX0[6]     ; 16.927 ; 16.927 ; 16.927 ; 16.927 ;
; A[2]       ; HEX1[0]     ; 17.567 ; 17.567 ; 17.567 ; 17.567 ;
; A[2]       ; HEX1[2]     ; 17.934 ; 17.934 ; 17.934 ; 17.934 ;
; A[2]       ; HEX1[3]     ; 17.120 ; 17.120 ; 17.120 ; 17.120 ;
; A[2]       ; HEX1[4]     ; 17.332 ; 17.332 ; 17.332 ; 17.332 ;
; A[2]       ; HEX1[5]     ; 17.554 ; 17.554 ; 17.554 ; 17.554 ;
; A[2]       ; HEX1[6]     ; 14.756 ; 14.756 ; 14.756 ; 14.756 ;
; A[2]       ; S[2]        ; 11.295 ; 11.295 ; 11.295 ; 11.295 ;
; A[2]       ; S[3]        ; 10.810 ; 10.810 ; 10.810 ; 10.810 ;
; A[2]       ; S[4]        ; 11.281 ;        ;        ; 11.281 ;
; A[3]       ; HEX0[0]     ; 16.975 ; 16.975 ; 16.975 ; 16.975 ;
; A[3]       ; HEX0[1]     ; 16.277 ; 16.277 ; 16.277 ; 16.277 ;
; A[3]       ; HEX0[2]     ; 16.899 ; 16.899 ; 16.899 ; 16.899 ;
; A[3]       ; HEX0[3]     ; 16.656 ; 16.656 ; 16.656 ; 16.656 ;
; A[3]       ; HEX0[4]     ; 16.628 ; 16.628 ; 16.628 ; 16.628 ;
; A[3]       ; HEX0[5]     ; 16.357 ; 16.357 ; 16.357 ; 16.357 ;
; A[3]       ; HEX0[6]     ; 16.648 ; 16.648 ; 16.648 ; 16.648 ;
; A[3]       ; HEX1[0]     ; 17.750 ; 17.593 ; 17.593 ; 17.750 ;
; A[3]       ; HEX1[2]     ; 17.960 ; 18.117 ; 18.117 ; 17.960 ;
; A[3]       ; HEX1[3]     ; 17.303 ; 17.146 ; 17.146 ; 17.303 ;
; A[3]       ; HEX1[4]     ; 17.515 ; 17.358 ; 17.358 ; 17.515 ;
; A[3]       ; HEX1[5]     ; 17.737 ; 17.580 ; 17.580 ; 17.737 ;
; A[3]       ; HEX1[6]     ; 14.487 ; 14.939 ; 14.939 ; 14.487 ;
; A[3]       ; S[3]        ; 11.130 ; 11.130 ; 11.130 ; 11.130 ;
; A[3]       ; S[4]        ; 12.055 ;        ;        ; 12.055 ;
; B[0]       ; HEX0[0]     ; 14.099 ; 14.099 ; 14.099 ; 14.099 ;
; B[0]       ; HEX0[1]     ; 13.401 ; 13.401 ; 13.401 ; 13.401 ;
; B[0]       ; HEX0[2]     ; 14.023 ; 14.023 ; 14.023 ; 14.023 ;
; B[0]       ; HEX0[3]     ; 13.780 ; 13.780 ; 13.780 ; 13.780 ;
; B[0]       ; HEX0[4]     ; 13.752 ; 13.752 ; 13.752 ; 13.752 ;
; B[0]       ; HEX0[5]     ; 13.481 ; 13.481 ; 13.481 ; 13.481 ;
; B[0]       ; HEX0[6]     ; 13.772 ; 13.772 ; 13.772 ; 13.772 ;
; B[0]       ; HEX1[0]     ; 14.790 ; 14.633 ; 14.633 ; 14.790 ;
; B[0]       ; HEX1[2]     ; 15.000 ; 15.157 ; 15.157 ; 15.000 ;
; B[0]       ; HEX1[3]     ; 14.343 ; 14.186 ; 14.186 ; 14.343 ;
; B[0]       ; HEX1[4]     ; 14.555 ; 14.398 ; 14.398 ; 14.555 ;
; B[0]       ; HEX1[5]     ; 14.777 ; 14.620 ; 14.620 ; 14.777 ;
; B[0]       ; HEX1[6]     ; 11.815 ; 11.979 ; 11.979 ; 11.815 ;
; B[0]       ; S[0]        ; 6.858  ; 6.858  ; 6.858  ; 6.858  ;
; B[0]       ; S[1]        ; 7.779  ; 7.779  ; 7.779  ; 7.779  ;
; B[0]       ; S[2]        ; 7.767  ; 7.767  ; 7.767  ; 7.767  ;
; B[0]       ; S[3]        ; 8.458  ; 8.458  ; 8.458  ; 8.458  ;
; B[0]       ; S[4]        ; 9.095  ;        ;        ; 9.095  ;
; B[1]       ; HEX0[0]     ; 13.093 ; 13.093 ; 13.093 ; 13.093 ;
; B[1]       ; HEX0[1]     ; 12.395 ; 12.395 ; 12.395 ; 12.395 ;
; B[1]       ; HEX0[2]     ; 13.017 ; 13.017 ; 13.017 ; 13.017 ;
; B[1]       ; HEX0[3]     ; 12.774 ; 12.774 ; 12.774 ; 12.774 ;
; B[1]       ; HEX0[4]     ; 12.746 ; 12.746 ; 12.746 ; 12.746 ;
; B[1]       ; HEX0[5]     ; 12.475 ; 12.475 ; 12.475 ; 12.475 ;
; B[1]       ; HEX0[6]     ; 12.766 ; 12.766 ; 12.766 ; 12.766 ;
; B[1]       ; HEX1[0]     ; 13.784 ; 13.627 ; 13.627 ; 13.784 ;
; B[1]       ; HEX1[2]     ; 13.994 ; 14.151 ; 14.151 ; 13.994 ;
; B[1]       ; HEX1[3]     ; 13.337 ; 13.180 ; 13.180 ; 13.337 ;
; B[1]       ; HEX1[4]     ; 13.549 ; 13.392 ; 13.392 ; 13.549 ;
; B[1]       ; HEX1[5]     ; 13.771 ; 13.614 ; 13.614 ; 13.771 ;
; B[1]       ; HEX1[6]     ; 10.809 ; 10.973 ; 10.973 ; 10.809 ;
; B[1]       ; S[1]        ; 6.766  ; 6.766  ; 6.766  ; 6.766  ;
; B[1]       ; S[2]        ; 6.752  ; 6.752  ; 6.752  ; 6.752  ;
; B[1]       ; S[3]        ; 7.452  ; 7.452  ; 7.452  ; 7.452  ;
; B[1]       ; S[4]        ; 8.089  ;        ;        ; 8.089  ;
; B[2]       ; HEX0[0]     ; 13.216 ; 13.216 ; 13.216 ; 13.216 ;
; B[2]       ; HEX0[1]     ; 12.518 ; 12.518 ; 12.518 ; 12.518 ;
; B[2]       ; HEX0[2]     ; 13.140 ; 13.140 ; 13.140 ; 13.140 ;
; B[2]       ; HEX0[3]     ; 12.897 ; 12.897 ; 12.897 ; 12.897 ;
; B[2]       ; HEX0[4]     ; 12.869 ; 12.869 ; 12.869 ; 12.869 ;
; B[2]       ; HEX0[5]     ; 12.598 ; 12.598 ; 12.598 ; 12.598 ;
; B[2]       ; HEX0[6]     ; 12.889 ; 12.889 ; 12.889 ; 12.889 ;
; B[2]       ; HEX1[0]     ; 13.529 ; 13.529 ; 13.529 ; 13.529 ;
; B[2]       ; HEX1[2]     ; 13.896 ; 13.896 ; 13.896 ; 13.896 ;
; B[2]       ; HEX1[3]     ; 13.082 ; 13.082 ; 13.082 ; 13.082 ;
; B[2]       ; HEX1[4]     ; 13.294 ; 13.294 ; 13.294 ; 13.294 ;
; B[2]       ; HEX1[5]     ; 13.516 ; 13.516 ; 13.516 ; 13.516 ;
; B[2]       ; HEX1[6]     ; 10.718 ; 10.718 ; 10.718 ; 10.718 ;
; B[2]       ; S[2]        ; 7.257  ; 7.257  ; 7.257  ; 7.257  ;
; B[2]       ; S[3]        ; 6.608  ; 6.608  ; 6.608  ; 6.608  ;
; B[2]       ; S[4]        ; 7.243  ;        ;        ; 7.243  ;
; B[3]       ; HEX0[0]     ; 11.920 ; 11.920 ; 11.920 ; 11.920 ;
; B[3]       ; HEX0[1]     ; 11.222 ; 11.222 ; 11.222 ; 11.222 ;
; B[3]       ; HEX0[2]     ; 11.844 ; 11.844 ; 11.844 ; 11.844 ;
; B[3]       ; HEX0[3]     ; 11.601 ; 11.601 ; 11.601 ; 11.601 ;
; B[3]       ; HEX0[4]     ; 11.573 ; 11.573 ; 11.573 ; 11.573 ;
; B[3]       ; HEX0[5]     ; 11.302 ; 11.302 ; 11.302 ; 11.302 ;
; B[3]       ; HEX0[6]     ; 11.593 ; 11.593 ; 11.593 ; 11.593 ;
; B[3]       ; HEX1[0]     ; 12.695 ; 12.538 ; 12.538 ; 12.695 ;
; B[3]       ; HEX1[2]     ; 12.905 ; 13.062 ; 13.062 ; 12.905 ;
; B[3]       ; HEX1[3]     ; 12.248 ; 12.091 ; 12.091 ; 12.248 ;
; B[3]       ; HEX1[4]     ; 12.460 ; 12.303 ; 12.303 ; 12.460 ;
; B[3]       ; HEX1[5]     ; 12.682 ; 12.525 ; 12.525 ; 12.682 ;
; B[3]       ; HEX1[6]     ; 9.400  ; 9.884  ; 9.884  ; 9.400  ;
; B[3]       ; S[3]        ; 6.043  ; 6.043  ; 6.043  ; 6.043  ;
; B[3]       ; S[4]        ; 7.000  ;        ;        ; 7.000  ;
; TE0        ; HEX0[0]     ; 14.158 ; 14.158 ; 14.158 ; 14.158 ;
; TE0        ; HEX0[1]     ; 13.460 ; 13.460 ; 13.460 ; 13.460 ;
; TE0        ; HEX0[2]     ; 14.082 ; 14.082 ; 14.082 ; 14.082 ;
; TE0        ; HEX0[3]     ; 13.839 ; 13.839 ; 13.839 ; 13.839 ;
; TE0        ; HEX0[4]     ; 13.811 ; 13.811 ; 13.811 ; 13.811 ;
; TE0        ; HEX0[5]     ; 13.540 ; 13.540 ; 13.540 ; 13.540 ;
; TE0        ; HEX0[6]     ; 13.831 ; 13.831 ; 13.831 ; 13.831 ;
; TE0        ; HEX1[0]     ; 14.849 ; 14.692 ; 14.692 ; 14.849 ;
; TE0        ; HEX1[2]     ; 15.059 ; 15.216 ; 15.216 ; 15.059 ;
; TE0        ; HEX1[3]     ; 14.402 ; 14.245 ; 14.245 ; 14.402 ;
; TE0        ; HEX1[4]     ; 14.614 ; 14.457 ; 14.457 ; 14.614 ;
; TE0        ; HEX1[5]     ; 14.836 ; 14.679 ; 14.679 ; 14.836 ;
; TE0        ; HEX1[6]     ; 11.874 ; 12.038 ; 12.038 ; 11.874 ;
; TE0        ; S[0]        ; 6.922  ; 6.922  ; 6.922  ; 6.922  ;
; TE0        ; S[1]        ; 7.838  ; 7.838  ; 7.838  ; 7.838  ;
; TE0        ; S[2]        ; 7.826  ; 7.826  ; 7.826  ; 7.826  ;
; TE0        ; S[3]        ; 8.517  ; 8.517  ; 8.517  ; 8.517  ;
; TE0        ; S[4]        ; 9.154  ;        ;        ; 9.154  ;
+------------+-------------+--------+--------+--------+--------+


+----------------------------------------------------------+
; Minimum Progagation Delay                                ;
+------------+-------------+-------+-------+-------+-------+
; Input Port ; Output Port ; RR    ; RF    ; FR    ; FF    ;
+------------+-------------+-------+-------+-------+-------+
; A[0]       ; HEX0[0]     ; 6.558 ; 6.558 ; 6.558 ; 6.558 ;
; A[0]       ; HEX0[1]     ; 6.239 ; 6.239 ; 6.239 ; 6.239 ;
; A[0]       ; HEX0[2]     ; 6.535 ; 6.535 ; 6.535 ; 6.535 ;
; A[0]       ; HEX0[3]     ; 6.591 ; 6.591 ; 6.591 ; 6.591 ;
; A[0]       ; HEX0[4]     ; 6.205 ; 6.205 ; 6.205 ; 6.205 ;
; A[0]       ; HEX0[5]     ; 6.591 ; 6.591 ; 6.591 ; 6.591 ;
; A[0]       ; HEX0[6]     ; 6.701 ; 6.701 ; 6.701 ; 6.701 ;
; A[0]       ; HEX1[0]     ; 8.033 ; 8.033 ; 8.033 ; 8.033 ;
; A[0]       ; HEX1[2]     ; 8.259 ; 8.259 ; 8.259 ; 8.259 ;
; A[0]       ; HEX1[3]     ; 7.779 ; 7.779 ; 7.779 ; 7.779 ;
; A[0]       ; HEX1[4]     ; 8.011 ; 8.011 ; 8.011 ; 8.011 ;
; A[0]       ; HEX1[5]     ; 7.970 ; 7.970 ; 7.970 ; 7.970 ;
; A[0]       ; HEX1[6]     ; 7.969 ; 7.969 ; 7.969 ; 7.969 ;
; A[0]       ; S[0]        ; 6.114 ; 6.114 ; 6.114 ; 6.114 ;
; A[0]       ; S[1]        ; 6.503 ; 6.503 ; 6.503 ; 6.503 ;
; A[0]       ; S[2]        ; 6.486 ; 6.486 ; 6.486 ; 6.486 ;
; A[0]       ; S[3]        ; 6.782 ; 6.782 ; 6.782 ; 6.782 ;
; A[0]       ; S[4]        ; 7.041 ;       ;       ; 7.041 ;
; A[1]       ; HEX0[0]     ; 6.756 ; 6.756 ; 6.756 ; 6.756 ;
; A[1]       ; HEX0[1]     ; 6.994 ; 6.994 ; 6.994 ; 6.994 ;
; A[1]       ; HEX0[2]     ; 6.753 ; 6.753 ; 6.753 ; 6.753 ;
; A[1]       ; HEX0[3]     ; 6.692 ; 6.692 ; 6.692 ; 6.692 ;
; A[1]       ; HEX0[4]     ; 6.712 ; 6.712 ; 6.712 ; 6.712 ;
; A[1]       ; HEX0[5]     ; 6.809 ; 6.809 ; 6.809 ; 6.809 ;
; A[1]       ; HEX0[6]     ; 6.823 ; 6.823 ; 6.823 ; 6.823 ;
; A[1]       ; HEX1[0]     ; 7.528 ; 7.528 ; 7.528 ; 7.528 ;
; A[1]       ; HEX1[2]     ; 7.769 ; 7.769 ; 7.769 ; 7.769 ;
; A[1]       ; HEX1[3]     ; 7.274 ; 7.274 ; 7.274 ; 7.274 ;
; A[1]       ; HEX1[4]     ; 7.521 ; 7.521 ; 7.521 ; 7.521 ;
; A[1]       ; HEX1[5]     ; 7.465 ; 7.465 ; 7.465 ; 7.465 ;
; A[1]       ; HEX1[6]     ; 7.464 ; 7.464 ; 7.464 ; 7.464 ;
; A[1]       ; S[1]        ; 5.999 ; 5.999 ; 5.999 ; 5.999 ;
; A[1]       ; S[2]        ; 5.981 ; 5.981 ; 5.981 ; 5.981 ;
; A[1]       ; S[3]        ; 6.291 ; 6.291 ; 6.291 ; 6.291 ;
; A[1]       ; S[4]        ; 6.550 ;       ;       ; 6.550 ;
; A[2]       ; HEX0[0]     ; 7.009 ; 7.009 ; 7.009 ; 7.009 ;
; A[2]       ; HEX0[1]     ; 7.090 ; 7.090 ; 7.090 ; 7.090 ;
; A[2]       ; HEX0[2]     ; 6.977 ; 6.977 ; 6.977 ; 6.977 ;
; A[2]       ; HEX0[3]     ; 6.959 ; 6.959 ; 6.959 ; 6.959 ;
; A[2]       ; HEX0[4]     ; 7.007 ; 7.007 ; 7.007 ; 7.007 ;
; A[2]       ; HEX0[5]     ; 6.945 ; 6.945 ; 6.945 ; 6.945 ;
; A[2]       ; HEX0[6]     ; 6.870 ; 6.870 ; 6.870 ; 6.870 ;
; A[2]       ; HEX1[0]     ; 7.504 ; 7.504 ; 7.504 ; 7.504 ;
; A[2]       ; HEX1[2]     ; 7.892 ; 7.892 ; 7.892 ; 7.892 ;
; A[2]       ; HEX1[3]     ; 7.250 ; 7.250 ; 7.250 ; 7.250 ;
; A[2]       ; HEX1[4]     ; 7.698 ; 7.748 ; 7.748 ; 7.698 ;
; A[2]       ; HEX1[5]     ; 7.441 ; 7.441 ; 7.441 ; 7.441 ;
; A[2]       ; HEX1[6]     ; 7.440 ; 7.440 ; 7.440 ; 7.440 ;
; A[2]       ; S[2]        ; 6.217 ; 6.217 ; 6.217 ; 6.217 ;
; A[2]       ; S[3]        ; 6.023 ; 6.023 ; 6.023 ; 6.023 ;
; A[2]       ; S[4]        ; 6.207 ;       ;       ; 6.207 ;
; A[3]       ; HEX0[0]     ; 7.127 ; 7.127 ; 7.127 ; 7.127 ;
; A[3]       ; HEX0[1]     ; 6.890 ; 6.890 ; 6.890 ; 6.890 ;
; A[3]       ; HEX0[2]     ; 7.095 ; 7.095 ; 7.095 ; 7.095 ;
; A[3]       ; HEX0[3]     ; 6.780 ; 6.780 ; 6.780 ; 6.780 ;
; A[3]       ; HEX0[4]     ; 6.807 ; 6.807 ; 6.807 ; 6.807 ;
; A[3]       ; HEX0[5]     ; 6.766 ; 6.766 ; 6.766 ; 6.766 ;
; A[3]       ; HEX0[6]     ; 6.770 ; 6.770 ; 6.770 ; 6.770 ;
; A[3]       ; HEX1[0]     ; 7.562 ; 7.410 ; 7.410 ; 7.562 ;
; A[3]       ; HEX1[2]     ; 7.798 ; 7.625 ; 7.625 ; 7.798 ;
; A[3]       ; HEX1[3]     ; 7.308 ; 7.156 ; 7.156 ; 7.308 ;
; A[3]       ; HEX1[4]     ; 7.377 ; 7.866 ; 7.866 ; 7.377 ;
; A[3]       ; HEX1[5]     ; 7.347 ; 7.559 ; 7.559 ; 7.347 ;
; A[3]       ; HEX1[6]     ; 7.558 ; 7.346 ; 7.346 ; 7.558 ;
; A[3]       ; S[3]        ; 6.141 ; 6.141 ; 6.141 ; 6.141 ;
; A[3]       ; S[4]        ; 5.887 ;       ;       ; 5.887 ;
; B[0]       ; HEX0[0]     ; 4.081 ; 4.081 ; 4.081 ; 4.081 ;
; B[0]       ; HEX0[1]     ; 4.000 ; 4.000 ; 4.000 ; 4.000 ;
; B[0]       ; HEX0[2]     ; 4.058 ; 4.058 ; 4.058 ; 4.058 ;
; B[0]       ; HEX0[3]     ; 4.114 ; 4.114 ; 4.114 ; 4.114 ;
; B[0]       ; HEX0[4]     ; 3.728 ; 3.728 ; 3.728 ; 3.728 ;
; B[0]       ; HEX0[5]     ; 4.114 ; 4.114 ; 4.114 ; 4.114 ;
; B[0]       ; HEX0[6]     ; 4.224 ; 4.224 ; 4.224 ; 4.224 ;
; B[0]       ; HEX1[0]     ; 5.555 ; 5.555 ; 5.555 ; 5.555 ;
; B[0]       ; HEX1[2]     ; 5.781 ; 5.781 ; 5.781 ; 5.781 ;
; B[0]       ; HEX1[3]     ; 5.301 ; 5.301 ; 5.301 ; 5.301 ;
; B[0]       ; HEX1[4]     ; 5.533 ; 5.533 ; 5.533 ; 5.533 ;
; B[0]       ; HEX1[5]     ; 5.492 ; 5.492 ; 5.492 ; 5.492 ;
; B[0]       ; HEX1[6]     ; 5.491 ; 5.491 ; 5.491 ; 5.491 ;
; B[0]       ; S[0]        ; 3.637 ; 3.637 ; 3.637 ; 3.637 ;
; B[0]       ; S[1]        ; 4.025 ; 4.025 ; 4.025 ; 4.025 ;
; B[0]       ; S[2]        ; 4.008 ; 4.008 ; 4.008 ; 4.008 ;
; B[0]       ; S[3]        ; 4.304 ; 4.304 ; 4.304 ; 4.304 ;
; B[0]       ; S[4]        ; 4.563 ;       ;       ; 4.563 ;
; B[1]       ; HEX0[0]     ; 4.324 ; 4.324 ; 4.324 ; 4.324 ;
; B[1]       ; HEX0[1]     ; 4.562 ; 4.562 ; 4.562 ; 4.562 ;
; B[1]       ; HEX0[2]     ; 4.321 ; 4.321 ; 4.321 ; 4.321 ;
; B[1]       ; HEX0[3]     ; 4.260 ; 4.260 ; 4.260 ; 4.260 ;
; B[1]       ; HEX0[4]     ; 4.280 ; 4.280 ; 4.280 ; 4.280 ;
; B[1]       ; HEX0[5]     ; 4.377 ; 4.377 ; 4.377 ; 4.377 ;
; B[1]       ; HEX0[6]     ; 4.391 ; 4.391 ; 4.391 ; 4.391 ;
; B[1]       ; HEX1[0]     ; 5.097 ; 5.097 ; 5.097 ; 5.097 ;
; B[1]       ; HEX1[2]     ; 5.335 ; 5.335 ; 5.335 ; 5.335 ;
; B[1]       ; HEX1[3]     ; 4.843 ; 4.843 ; 4.843 ; 4.843 ;
; B[1]       ; HEX1[4]     ; 5.087 ; 5.087 ; 5.087 ; 5.087 ;
; B[1]       ; HEX1[5]     ; 5.034 ; 5.034 ; 5.034 ; 5.034 ;
; B[1]       ; HEX1[6]     ; 5.033 ; 5.033 ; 5.033 ; 5.033 ;
; B[1]       ; S[1]        ; 3.567 ; 3.567 ; 3.567 ; 3.567 ;
; B[1]       ; S[2]        ; 3.550 ; 3.550 ; 3.550 ; 3.550 ;
; B[1]       ; S[3]        ; 3.856 ; 3.856 ; 3.856 ; 3.856 ;
; B[1]       ; S[4]        ; 4.115 ;       ;       ; 4.115 ;
; B[2]       ; HEX0[0]     ; 4.508 ; 4.508 ; 4.508 ; 4.508 ;
; B[2]       ; HEX0[1]     ; 4.658 ; 4.658 ; 4.658 ; 4.658 ;
; B[2]       ; HEX0[2]     ; 4.476 ; 4.476 ; 4.476 ; 4.476 ;
; B[2]       ; HEX0[3]     ; 4.458 ; 4.458 ; 4.458 ; 4.458 ;
; B[2]       ; HEX0[4]     ; 4.575 ; 4.575 ; 4.575 ; 4.575 ;
; B[2]       ; HEX0[5]     ; 4.444 ; 4.444 ; 4.444 ; 4.444 ;
; B[2]       ; HEX0[6]     ; 4.369 ; 4.369 ; 4.369 ; 4.369 ;
; B[2]       ; HEX1[0]     ; 5.003 ; 5.003 ; 5.003 ; 5.003 ;
; B[2]       ; HEX1[2]     ; 5.391 ; 5.391 ; 5.391 ; 5.391 ;
; B[2]       ; HEX1[3]     ; 4.749 ; 4.749 ; 4.749 ; 4.749 ;
; B[2]       ; HEX1[4]     ; 5.247 ; 5.247 ; 5.247 ; 5.247 ;
; B[2]       ; HEX1[5]     ; 4.940 ; 4.940 ; 4.940 ; 4.940 ;
; B[2]       ; HEX1[6]     ; 4.939 ; 4.939 ; 4.939 ; 4.939 ;
; B[2]       ; S[2]        ; 3.786 ; 3.786 ; 3.786 ; 3.786 ;
; B[2]       ; S[3]        ; 3.522 ; 3.522 ; 3.522 ; 3.522 ;
; B[2]       ; S[4]        ; 3.775 ;       ;       ; 3.775 ;
; B[3]       ; HEX0[0]     ; 4.099 ; 4.099 ; 4.099 ; 4.099 ;
; B[3]       ; HEX0[1]     ; 3.990 ; 3.990 ; 3.990 ; 3.990 ;
; B[3]       ; HEX0[2]     ; 4.067 ; 4.067 ; 4.067 ; 4.067 ;
; B[3]       ; HEX0[3]     ; 3.880 ; 3.880 ; 3.880 ; 3.880 ;
; B[3]       ; HEX0[4]     ; 3.907 ; 3.907 ; 3.907 ; 3.907 ;
; B[3]       ; HEX0[5]     ; 3.866 ; 3.866 ; 3.866 ; 3.866 ;
; B[3]       ; HEX0[6]     ; 3.870 ; 3.870 ; 3.870 ; 3.870 ;
; B[3]       ; HEX1[0]     ; 4.594 ; 4.357 ; 4.357 ; 4.594 ;
; B[3]       ; HEX1[2]     ; 4.745 ; 4.725 ; 4.725 ; 4.745 ;
; B[3]       ; HEX1[3]     ; 4.340 ; 4.103 ; 4.103 ; 4.340 ;
; B[3]       ; HEX1[4]     ; 4.477 ; 4.835 ; 4.835 ; 4.477 ;
; B[3]       ; HEX1[5]     ; 4.294 ; 4.531 ; 4.531 ; 4.294 ;
; B[3]       ; HEX1[6]     ; 4.530 ; 4.293 ; 4.293 ; 4.530 ;
; B[3]       ; S[3]        ; 3.113 ; 3.113 ; 3.113 ; 3.113 ;
; B[3]       ; S[4]        ; 2.861 ;       ;       ; 2.861 ;
; TE0        ; HEX0[0]     ; 4.078 ; 4.078 ; 4.078 ; 4.078 ;
; TE0        ; HEX0[1]     ; 3.934 ; 3.934 ; 3.934 ; 3.934 ;
; TE0        ; HEX0[2]     ; 4.055 ; 4.055 ; 4.055 ; 4.055 ;
; TE0        ; HEX0[3]     ; 4.111 ; 4.111 ; 4.111 ; 4.111 ;
; TE0        ; HEX0[4]     ; 3.725 ; 3.725 ; 3.725 ; 3.725 ;
; TE0        ; HEX0[5]     ; 4.111 ; 4.111 ; 4.111 ; 4.111 ;
; TE0        ; HEX0[6]     ; 4.221 ; 4.221 ; 4.221 ; 4.221 ;
; TE0        ; HEX1[0]     ; 5.552 ; 5.552 ; 5.552 ; 5.552 ;
; TE0        ; HEX1[2]     ; 5.778 ; 5.778 ; 5.778 ; 5.778 ;
; TE0        ; HEX1[3]     ; 5.298 ; 5.298 ; 5.298 ; 5.298 ;
; TE0        ; HEX1[4]     ; 5.530 ; 5.530 ; 5.530 ; 5.530 ;
; TE0        ; HEX1[5]     ; 5.489 ; 5.489 ; 5.489 ; 5.489 ;
; TE0        ; HEX1[6]     ; 5.488 ; 5.488 ; 5.488 ; 5.488 ;
; TE0        ; S[0]        ; 3.634 ; 3.634 ; 3.634 ; 3.634 ;
; TE0        ; S[1]        ; 4.022 ; 4.022 ; 4.022 ; 4.022 ;
; TE0        ; S[2]        ; 4.005 ; 4.005 ; 4.005 ; 4.005 ;
; TE0        ; S[3]        ; 4.301 ; 4.301 ; 4.301 ; 4.301 ;
; TE0        ; S[4]        ; 4.560 ;       ;       ; 4.560 ;
+------------+-------------+-------+-------+-------+-------+


-------------------
; Clock Transfers ;
-------------------
Nothing to report.


---------------
; Report TCCS ;
---------------
No dedicated SERDES Transmitter circuitry present in device or used in design


---------------
; Report RSKM ;
---------------
No dedicated SERDES Receiver circuitry present in device or used in design


+------------------------------------------------+
; Unconstrained Paths                            ;
+---------------------------------+-------+------+
; Property                        ; Setup ; Hold ;
+---------------------------------+-------+------+
; Illegal Clocks                  ; 0     ; 0    ;
; Unconstrained Clocks            ; 0     ; 0    ;
; Unconstrained Input Ports       ; 9     ; 9    ;
; Unconstrained Input Port Paths  ; 150   ; 150  ;
; Unconstrained Output Ports      ; 18    ; 18   ;
; Unconstrained Output Port Paths ; 150   ; 150  ;
+---------------------------------+-------+------+


+------------------------------------+
; TimeQuest Timing Analyzer Messages ;
+------------------------------------+
Info: *******************************************************************
Info: Running Quartus II 32-bit TimeQuest Timing Analyzer
    Info: Version 13.0.1 Build 232 06/12/2013 Service Pack 1 SJ Web Edition
    Info: Processing started: Thu Oct 13 17:43:51 2022
Info: Command: quartus_sta somador4 -c somador4
Info: qsta_default_script.tcl version: #1
Warning (20028): Parallel compilation is not licensed and has been disabled
Info (21077): Low junction temperature is 0 degrees C
Info (21077): High junction temperature is 85 degrees C
Critical Warning (332012): Synopsys Design Constraints File file not found: 'somador4.sdc'. A Synopsys Design Constraints File is required by the TimeQuest Timing Analyzer to get proper timing constraints. Without it, the Compiler will not properly optimize the design.
Info (332142): No user constrained base clocks found in the design. Calling "derive_clocks -period 1.0"
Info (332096): The command derive_clocks did not find any clocks to derive.  No clocks were created or changed.
Warning (332068): No clocks defined in design.
Info: Found TIMEQUEST_REPORT_SCRIPT_INCLUDE_DEFAULT_ANALYSIS = ON
Info (332159): No clocks to report
Info: Analyzing Slow Model
Info (332140): No fmax paths to report
Info (332140): No Setup paths to report
Info (332140): No Hold paths to report
Info (332140): No Recovery paths to report
Info (332140): No Removal paths to report
Info (332140): No Minimum Pulse Width paths to report
Info (332001): The selected device family is not supported by the report_metastability command.
Info: Analyzing Fast Model
Info (332142): No user constrained base clocks found in the design. Calling "derive_clocks -period 1.0"
Info (332096): The command derive_clocks did not find any clocks to derive.  No clocks were created or changed.
Warning (332068): No clocks defined in design.
Info (332140): No Setup paths to report
Info (332140): No Hold paths to report
Info (332140): No Recovery paths to report
Info (332140): No Removal paths to report
Info (332140): No Minimum Pulse Width paths to report
Info (332001): The selected device family is not supported by the report_metastability command.
Info (332102): Design is not fully constrained for setup requirements
Info (332102): Design is not fully constrained for hold requirements
Info: Quartus II 32-bit TimeQuest Timing Analyzer was successful. 0 errors, 4 warnings
    Info: Peak virtual memory: 325 megabytes
    Info: Processing ended: Thu Oct 13 17:43:52 2022
    Info: Elapsed time: 00:00:01
    Info: Total CPU time (on all processors): 00:00:01


